#
# A fatal error has been detected by the Java Runtime Environment:
#
#  EXCEPTION_ACCESS_VIOLATION (0xc0000005) at pc=0x00007ff87b7c26c4, pid=372, tid=10072
#
# JRE version: Java(TM) SE Runtime Environment (24.0.1+9) (build 24.0.1+9-30)
# Java VM: Java HotSpot(TM) 64-Bit Server VM (24.0.1+9-30, mixed mode, sharing, tiered, compressed oops, compressed class ptrs, g1 gc, windows-amd64)
# Problematic frame:
# C  [libasyncProfiler.dll+0x926c4]
#
# No core dump will be written. Minidumps are not enabled by default on client versions of Windows
#
# JFR recording file will be written. Location: C:\Users\Admin\Documents\BSIT 1-2N - Mercado\java-edurise\untitled1\hs_err_pid372.jfr
#
# If you would like to submit a bug report, please visit:
#   https://bugreport.java.com/bugreport/crash.jsp
# The crash happened outside the Java Virtual Machine in native code.
# See problematic frame for where to report the bug.
#

---------------  S U M M A R Y ------------

Command Line: -javaagent:C:\Program Files\JetBrains\IntelliJ IDEA 2025.1.1.1\lib\idea_rt.jar=61146 -Dfile.encoding=UTF-8 -Dsun.stdout.encoding=UTF-8 -Dsun.stderr.encoding=UTF-8 main.Main

Host: Intel(R) Core(TM) i3-7020U CPU @ 2.30GHz, 4 cores, 7G,  Windows 10 , 64 bit Build 19041 (10.0.19041.5794)
Time: Tue Jun  3 23:31:27 2025 China Standard Time elapsed time: 1.816609 seconds (0d 0h 0m 1s)

---------------  T H R E A D  ---------------

Current thread (0x00000232b205cd90):  JavaThread "Attach Listener" daemon [_thread_in_native, id=10072, stack(0x000000f077400000,0x000000f077500000) (1024K)]

Stack: [0x000000f077400000,0x000000f077500000],  sp=0x000000f0774ff340,  free space=1020k
Native frames: (J=compiled Java code, j=interpreted, Vv=VM code, C=native code)
C  [libasyncProfiler.dll+0x926c4]  (no source info available)
C  [libasyncProfiler.dll+0x92b9b]  (no source info available)
C  [libasyncProfiler.dll+0x917f4]  (no source info available)
C  [libasyncProfiler.dll+0x9206a]  (no source info available)
C  [libasyncProfiler.dll+0x8cc21]  (no source info available)
C  [libasyncProfiler.dll+0x7e5e1]  (no source info available)
C  [libasyncProfiler.dll+0x7d2f8]  (no source info available)
C  [libasyncProfiler.dll+0x7d1e0]  (no source info available)
C  [libasyncProfiler.dll+0x841b9]  (no source info available)
V  [jvm.dll+0x57eff7]  (no source info available)
V  [jvm.dll+0x57fdac]  (no source info available)
V  [jvm.dll+0x14ca17]  (no source info available)
V  [jvm.dll+0x14dfe1]  (no source info available)
V  [jvm.dll+0x42f456]  (no source info available)
V  [jvm.dll+0x87d76b]  (no source info available)
V  [jvm.dll+0x72ee55]  (no source info available)
C  [ucrtbase.dll+0x21bb2]  (no source info available)
C  [KERNEL32.DLL+0x17374]  (no source info available)
C  [ntdll.dll+0x4cc91]  (no source info available)


siginfo: EXCEPTION_ACCESS_VIOLATION (0xc0000005), reading address 0xffffffffffffffff


Registers:
RAX=0x0000000000000010, RBX=0x0000000000000000, RCX=0xffffffffffffffff, RDX=0x007ff8d277301010
RSP=0x000000f0774ff340, RBP=0x00000232b2d4d090, RSI=0x000000f0774ff4b0, RDI=0x00000232b2d4d090
R8 =0x0000000000000042, R9 =0x000000008790aaa8, R10=0x00007ff8d29e9fb0, R11=0x0000000000000004
R12=0x000000f0774ff4b0, R13=0x00000232b2b156c0, R14=0x00000232b205d158, R15=0x00000232b205d158
RIP=0x00007ff87b7c26c4, EFLAGS=0x0000000000010202

XMM[0]=0x0000000000000000 0x0000000000000000
XMM[1]=0x0000000000000000 0x0000000000000000
XMM[2]=0x0000000000000000 0x0000000000000000
XMM[3]=0x0000000000000000 0x0000000000000000
XMM[4]=0x0000000000000000 0x0000000000000000
XMM[5]=0x0000000000000000 0x0000000000000000
XMM[6]=0x0000000000000000 0x0000000000000000
XMM[7]=0x0000000000000000 0x0000000000000000
XMM[8]=0x0000000000000000 0x0000000000000000
XMM[9]=0x0000000000000000 0x0000000000000000
XMM[10]=0x0000000000000000 0x0000000000000000
XMM[11]=0x0000000000000000 0x0000000000000000
XMM[12]=0x0000000000000000 0x0000000000000000
XMM[13]=0x0000000000000000 0x0000000000000000
XMM[14]=0x0000000000000000 0x0000000000000000
XMM[15]=0x0000000000000000 0x0000000000000000
  MXCSR=0x00001fa0


Register to memory mapping:

RAX=0x0000000000000010 is an unknown value
RBX=0x0 is null
RCX=0xffffffffffffffff is an unknown value
RDX=0x007ff8d277301010 is an unknown value
RSP=0x000000f0774ff340 is pointing into the stack for thread: 0x00000232b205cd90
RBP=0x00000232b2d4d090 points into unknown readable memory: 0x000000008790aaa8 | a8 aa 90 87 00 00 00 00
RSI=0x000000f0774ff4b0 is pointing into the stack for thread: 0x00000232b205cd90
RDI=0x00000232b2d4d090 points into unknown readable memory: 0x000000008790aaa8 | a8 aa 90 87 00 00 00 00
R8 =0x0000000000000042 is an unknown value
R9 =0x000000008790aaa8 is an oop: java.lang.ref.Reference$ReferenceHandler 
{0x000000008790aaa8} - klass: 'java/lang/ref/Reference$ReferenceHandler' - flags: 

 - ---- fields (total size 14 words):
 - 'threadLocalRandomProbe' 'I' @12  0 (0x00000000)
 - private volatile 'eetop' 'J' @16  2416758314352 (0x00000232b2055570)
 - private final 'tid' 'J' @24  13 (0x000000000000000d)
 - 'threadLocalRandomSeed' 'J' @32  0 (0x0000000000000000)
 - injected 'jvmti_thread_state' 'J' @40  2416769462080 (0x00000232b2af6f40)
 - 'threadLocalRandomSecondarySeed' 'I' @48  0 (0x00000000)
 - injected 'jvmti_VTMS_transition_disable_count' 'I' @52  0 (0x00000000)
 - injected 'jfr_epoch' 'S' @56  0 (0x0000)
 - volatile 'interrupted' 'Z' @58  false (0x00)
 - injected 'jvmti_is_in_VTMS_transition' 'Z' @59  false (0x00)
 - private volatile 'name' 'Ljava/lang/String;' @60  "Reference Handler"{0x00000000ffe0a568} (0xffe0a568)
 - private volatile 'contextClassLoader' 'Ljava/lang/ClassLoader;' @64  null (0x00000000)
 - private final 'holder' 'Ljava/lang/Thread$FieldHolder;' @68  a 'java/lang/Thread$FieldHolder'{0x000000008760fe58} (0x8760fe58)
 - 'threadLocals' 'Ljava/lang/ThreadLocal$ThreadLocalMap;' @72  null (0x00000000)
 - 'inheritableThreadLocals' 'Ljava/lang/ThreadLocal$ThreadLocalMap;' @76  null (0x00000000)
 - private 'scopedValueBindings' 'Ljava/lang/Object;' @80  a 'java/lang/Class'{0x00000000ffe7c890} = 'java/lang/Thread' (0xffe7c890)
 - final 'interruptLock' 'Ljava/lang/Object;' @84  a 'java/lang/Object'{0x000000008760fe08} (0x8760fe08)
 - private volatile 'parkBlocker' 'Ljava/lang/Object;' @88  null (0x00000000)
 - private 'nioBlocker' 'Lsun/nio/ch/Interruptible;' @92  null (0x00000000)
 - private 'cont' 'Ljdk/internal/vm/Continuation;' @96  null (0x00000000)
 - private volatile 'uncaughtExceptionHandler' 'Ljava/lang/Thread$UncaughtExceptionHandler;' @100  null (0x00000000)
 - private 'container' 'Ljdk/internal/vm/ThreadContainer;' @104  null (0x00000000)
 - private volatile 'headStackableScopes' 'Ljdk/internal/vm/StackableScope;' @108  null (0x00000000)
R10=0x00007ff8d29e9fb0 jvm.dll
R11=0x0000000000000004 is an unknown value
R12=0x000000f0774ff4b0 is pointing into the stack for thread: 0x00000232b205cd90
R13=0x00000232b2b156c0 points into unknown readable memory: 0x00007ff8d295a510 | 10 a5 95 d2 f8 7f 00 00
R14=0x00000232b205d158 points into unknown readable memory: 0x00007ff8d29517b0 | b0 17 95 d2 f8 7f 00 00
R15=0x00000232b205d158 points into unknown readable memory: 0x00007ff8d29517b0 | b0 17 95 d2 f8 7f 00 00

Top of Stack: (sp=0x000000f0774ff340)
0x000000f0774ff340:   000000f0774ff4b0 00000232b2d4d090   ..Ow........2...
0x000000f0774ff350:   0000000000000000 00000232b205d4e0   ............2...
0x000000f0774ff360:   0000000000000020 00007ff87b7c2b9b    ........+|{....
0x000000f0774ff370:   0000000000000000 00000232b205d158   ........X...2...
0x000000f0774ff380:   000000f0774ff401 0000000000000000   ..Ow............
0x000000f0774ff390:   00000232f9ca0fc0 00007ff87b7c17f4   ....2.....|{....
0x000000f0774ff3a0:   0000000000000000 0000000000000020   ........ .......
0x000000f0774ff3b0:   0000000000000000 0000000000000020   ........ .......
0x000000f0774ff3c0:   0000000f00000000 00000232f9c56dd0   .........m..2...
0x000000f0774ff3d0:   00000232f9ca0fc0 00000232f9ca1040   ....2...@...2...
0x000000f0774ff3e0:   00000232f9ca1068 0000000000000e00   h...2...........
0x000000f0774ff3f0:   0000000000000000 0000000000000000   ................
0x000000f0774ff400:   0000000000000000 00007ff8d21b57d4   .........W......
0x000000f0774ff410:   00007ff87b904ca0 0000000000000174   .L.{....t.......
0x000000f0774ff420:   00007ff87b904ca0 00000000ffffffff   .L.{............
0x000000f0774ff430:   0000000000000000 00007ff87b7c206a   ........j |{....
0x000000f0774ff440:   00000232b205d158 0000000000000000   X...2...........
0x000000f0774ff450:   000000f0774ff4b9 00000232b2b156c0   ..Ow.....V..2...
0x000000f0774ff460:   0000000000000003 0000000000000048   ........H.......
0x000000f0774ff470:   0000000800800310 0000000000000020   ........ .......
0x000000f0774ff480:   00000232b205d158 00007ff87b904ca0   X...2....L.{....
0x000000f0774ff490:   00000232b2035f20 00000232b2af8800    _..2.......2...
0x000000f0774ff4a0:   0000000800800390 00000232b205d158   ........X...2...
0x000000f0774ff4b0:   00000232b25ea960 00000232b25ead60   `.^.2...`.^.2...
0x000000f0774ff4c0:   00000232b25ead60 00007ff87b904ca0   `.^.2....L.{....
0x000000f0774ff4d0:   000000f0774ff648 0000023293780000   H.Ow......x.2...
0x000000f0774ff4e0:   000000f0774ff780 0000000000008840   ..Ow....@.......
0x000000f0774ff4f0:   000000f0774ff960 00007ff87b904cf0   `.Ow.....L.{....
0x000000f0774ff500:   0000000000989680 0000000000989680   ................
0x000000f0774ff510:   000000f0774ff620 00007ff87b7bcc21    .Ow....!.{{....
0x000000f0774ff520:   00007ff87b904ca0 00007ff87b904cf8   .L.{.....L.{....
0x000000f0774ff530:   00007ff800000000 00007ff800000001   ................

Instructions: (pc=0x00007ff87b7c26c4)
  0x00007ff87b7c25c4:   cc cc cc cc cc cc cc cc cc cc cc cc cc cc cc cc
  0x00007ff87b7c25d4:   cc cc cc cc cc cc cc cc cc cc cc cc cc cc cc cc
  0x00007ff87b7c25e4:   cc cc cc cc cc cc cc cc cc cc cc cc cc cc cc cc
  0x00007ff87b7c25f4:   cc cc cc cc cc cc cc cc cc cc cc cc cc cc cc cc
  0x00007ff87b7c2604:   cc cc cc cc cc cc cc cc cc cc cc cc cc cc cc cc
  0x00007ff87b7c2614:   cc cc cc cc cc cc cc cc cc cc cc cc cc cc cc cc
  0x00007ff87b7c2624:   cc cc cc cc cc cc cc cc cc cc cc cc cc cc cc cc
  0x00007ff87b7c2634:   cc cc cc cc cc cc cc cc cc cc cc cc cc cc cc cc
  0x00007ff87b7c2644:   cc cc cc cc cc cc cc cc cc cc cc cc 40 57 48 83
  0x00007ff87b7c2654:   ec 20 48 8b f9 48 8b 0d 10 28 14 00 48 85 c9 74
  0x00007ff87b7c2664:   20 48 8b 01 48 8d 54 24 38 41 b8 06 00 01 00 4c
  0x00007ff87b7c2674:   8b 48 30 41 ff d1 85 c0 75 07 48 8b 4c 24 38 eb
  0x00007ff87b7c2684:   02 33 c9 4c 8b 05 ea 28 14 00 48 89 5c 24 30 4d
  0x00007ff87b7c2694:   85 c0 74 4a 48 8b 01 48 8b d7 4c 8b 88 28 03 00
  0x00007ff87b7c26a4:   00 41 ff d1 48 85 c0 74 35 48 63 0d f8 e6 13 00
  0x00007ff87b7c26b4:   48 8b 14 01 48 85 d2 74 15 48 63 05 fc e6 13 00
=>0x00007ff87b7c26c4:   8b 04 10 48 8b 5c 24 30 48 83 c4 20 5f c3 b8 ff
  0x00007ff87b7c26d4:   ff ff ff 48 8b 5c 24 30 48 83 c4 20 5f c3 80 3d
  0x00007ff87b7c26e4:   9b 27 14 00 00 bb ff ff ff ff 74 20 4c 8b 0d 31
  0x00007ff87b7c26f4:   24 14 00 4c 8d 44 24 38 48 8b 0d 15 24 14 00 48
  0x00007ff87b7c2704:   8b d7 41 ff d1 85 c0 0f 44 5c 24 38 8b c3 48 8b
  0x00007ff87b7c2714:   5c 24 30 48 83 c4 20 5f c3 cc cc cc cc cc cc cc
  0x00007ff87b7c2724:   cc cc cc cc cc cc cc cc cc cc cc cc cc cc cc cc
  0x00007ff87b7c2734:   cc cc cc cc cc cc cc cc cc cc cc cc cc cc cc cc
  0x00007ff87b7c2744:   cc cc cc cc cc cc cc cc cc cc cc cc 48 89 54 24
  0x00007ff87b7c2754:   10 53 55 56 57 41 56 41 57 48 83 ec 28 48 8b f2
  0x00007ff87b7c2764:   4c 8b f1 48 89 4c 24 78 45 33 ff 44 89 7c 24 68
  0x00007ff87b7c2774:   c7 44 24 60 01 00 00 00 48 8d 4c 24 68 e8 ed 42
  0x00007ff87b7c2784:   f7 ff 8b d8 48 8d 4c 24 60 e8 e1 42 f7 ff 8b e8
  0x00007ff87b7c2794:   49 8b ce e8 00 fc f6 ff 48 8b f8 90 8b c3 f0 0f
  0x00007ff87b7c27a4:   b1 2f 74 04 f3 90 eb f4 4c 89 3e 4c 89 7e 08 4c
  0x00007ff87b7c27b4:   89 7e 10 49 8b 6e 08 4d 8b 76 10 49 3b ee 0f 84


Stack slot to memory mapping:

stack at sp + 0 slots: 0x000000f0774ff4b0 is pointing into the stack for thread: 0x00000232b205cd90
stack at sp + 1 slots: 0x00000232b2d4d090 points into unknown readable memory: 0x000000008790aaa8 | a8 aa 90 87 00 00 00 00
stack at sp + 2 slots: 0x0 is null
stack at sp + 3 slots: 0x00000232b205d4e0 points into unknown readable memory: 0x6e616c2e6176616a | 6a 61 76 61 2e 6c 61 6e
stack at sp + 4 slots: 0x0000000000000020 is an unknown value
stack at sp + 5 slots: 0x00007ff87b7c2b9b libasyncProfiler.dll
stack at sp + 6 slots: 0x0 is null
stack at sp + 7 slots: 0x00000232b205d158 points into unknown readable memory: 0x00007ff8d29517b0 | b0 17 95 d2 f8 7f 00 00

Lock stack of current Java thread (top to bottom):


---------------  P R O C E S S  ---------------

Threads class SMR info:
_java_thread_list=0x00000232fab615c0, length=21, elements={
0x00000232b2055570, 0x00000232b20571b0, 0x00000232b205a250, 0x00000232b205cd90,
0x00000232b2062d90, 0x00000232b20638c0, 0x00000232b2070750, 0x00000232b209f300,
0x00000232b22e06b0, 0x00000232b22f1b40, 0x00000232b22f2280, 0x00000232b248a970,
0x00000232b23186c0, 0x00000232b2a8ed50, 0x00000232b2ad88c0, 0x00000232f9cf71a0,
0x00000232fab0aad0, 0x00000232f9c4c030, 0x00000232f9c49ba0, 0x00000232f9c4aa40,
0x00000232f9c4a2f0
}

Java Threads: ( => current thread )
  0x00000232b2055570 JavaThread "Reference Handler"          daemon [_thread_blocked, id=25476, stack(0x000000f077100000,0x000000f077200000) (1024K)]
  0x00000232b20571b0 JavaThread "Finalizer"                  daemon [_thread_blocked, id=5532, stack(0x000000f077200000,0x000000f077300000) (1024K)]
  0x00000232b205a250 JavaThread "Signal Dispatcher"          daemon [_thread_blocked, id=13428, stack(0x000000f077300000,0x000000f077400000) (1024K)]
=>0x00000232b205cd90 JavaThread "Attach Listener"            daemon [_thread_in_native, id=10072, stack(0x000000f077400000,0x000000f077500000) (1024K)]
  0x00000232b2062d90 JavaThread "Service Thread"             daemon [_thread_blocked, id=5204, stack(0x000000f077500000,0x000000f077600000) (1024K)]
  0x00000232b20638c0 JavaThread "Monitor Deflation Thread"   daemon [_thread_blocked, id=21200, stack(0x000000f077600000,0x000000f077700000) (1024K)]
  0x00000232b2070750 JavaThread "C2 CompilerThread0"         daemon [_thread_blocked, id=25236, stack(0x000000f077700000,0x000000f077800000) (1024K)]
  0x00000232b209f300 JavaThread "C1 CompilerThread0"         daemon [_thread_in_native, id=24492, stack(0x000000f077800000,0x000000f077900000) (1024K)]
  0x00000232b22e06b0 JavaThread "Common-Cleaner"             daemon [_thread_blocked, id=13604, stack(0x000000f077900000,0x000000f077a00000) (1024K)]
  0x00000232b22f1b40 JavaThread "Monitor Ctrl-Break"         daemon [_thread_in_native, id=20436, stack(0x000000f077a00000,0x000000f077b00000) (1024K)]
  0x00000232b22f2280 JavaThread "Notification Thread"        daemon [_thread_blocked, id=18300, stack(0x000000f077b00000,0x000000f077c00000) (1024K)]
  0x00000232b248a970 JavaThread "Java2D Disposer"            daemon [_thread_blocked, id=20948, stack(0x000000f077c00000,0x000000f077d00000) (1024K)]
  0x00000232b23186c0 JavaThread "AWT-Windows"                daemon [_thread_in_native, id=6836, stack(0x000000f077e00000,0x000000f077f00000) (1024K)]
  0x00000232b2a8ed50 JavaThread "C2 CompilerThread1"         daemon [_thread_blocked, id=15136, stack(0x000000f077f00000,0x000000f078000000) (1024K)]
  0x00000232b2ad88c0 JavaThread "RMI TCP Accept-0"           daemon [_thread_in_native, id=16136, stack(0x000000f078000000,0x000000f078100000) (1024K)]
  0x00000232f9cf71a0 JavaThread "JFR Recorder Thread"        daemon [_thread_in_native, id=24104, stack(0x000000f078100000,0x000000f078200000) (1024K)]
  0x00000232fab0aad0 JavaThread "JFR Periodic Tasks"         daemon [_thread_blocked, id=13072, stack(0x000000f077d00000,0x000000f077e00000) (1024K)]
  0x00000232f9c4c030 JavaThread "AWT-Shutdown"                      [_thread_blocked, id=19224, stack(0x000000f078500000,0x000000f078600000) (1024K)]
  0x00000232f9c49ba0 JavaThread "AWT-EventQueue-0"                  [_thread_blocked, id=10988, stack(0x000000f078600000,0x000000f078700000) (1024K)]
  0x00000232f9c4aa40 JavaThread "DestroyJavaVM"                     [_thread_blocked, id=16820, stack(0x000000f076900000,0x000000f076a00000) (1024K)]
  0x00000232f9c4a2f0 JavaThread "Image Fetcher 0"            daemon [_thread_in_Java, id=468, stack(0x000000f078700000,0x000000f078800000) (1024K)]
Total: 21

Other Threads:
  0x00000232b2043d50 VMThread "VM Thread"                           [id=12444, stack(0x000000f077000000,0x000000f077100000) (1024K)]
  0x00000232b2035a30 WatcherThread "VM Periodic Task Thread"        [id=21688, stack(0x000000f076f00000,0x000000f077000000) (1024K)]
  0x0000023295a84730 WorkerThread "GC Thread#0"                     [id=15724, stack(0x000000f076a00000,0x000000f076b00000) (1024K)]
  0x00000232fab47790 WorkerThread "GC Thread#1"                     [id=12384, stack(0x000000f078200000,0x000000f078300000) (1024K)]
  0x00000232fab47b40 WorkerThread "GC Thread#2"                     [id=23372, stack(0x000000f078300000,0x000000f078400000) (1024K)]
  0x00000232fab77410 WorkerThread "GC Thread#3"                     [id=3584, stack(0x000000f078400000,0x000000f078500000) (1024K)]
  0x0000023295a99590 ConcurrentGCThread "G1 Main Marker"            [id=10476, stack(0x000000f076b00000,0x000000f076c00000) (1024K)]
  0x0000023295a9a0a0 WorkerThread "G1 Conc#0"                       [id=6532, stack(0x000000f076c00000,0x000000f076d00000) (1024K)]
  0x0000023295afd5b0 ConcurrentGCThread "G1 Refine#0"               [id=4700, stack(0x000000f076d00000,0x000000f076e00000) (1024K)]
  0x00000232b1f07750 ConcurrentGCThread "G1 Service"                [id=23664, stack(0x000000f076e00000,0x000000f076f00000) (1024K)]
Total: 10

Threads with active compile tasks:
C1 CompilerThread0  2205 2023       3       java.util.Properties$LineReader::readLine (584 bytes)
Total: 1

VM state: not at safepoint (normal execution)

VM Mutex/Monitor currently owned by a thread: None

Heap address: 0x0000000081600000, size: 2026 MB, Compressed Oops mode: 32-bit

CDS archive(s) mapped at: [0x00000232b3000000-0x00000232b3d40000-0x00000232b3d40000), size 13893632, SharedBaseAddress: 0x00000232b3000000, ArchiveRelocationMode: 1.
Compressed class space mapped at: 0x00000232b4000000-0x00000232f4000000, reserved size: 1073741824
UseCompressedClassPointers 1, UseCompactObjectHeaders 0
Narrow klass pointer bits 32, Max shift 3
Narrow klass base: 0x00000232b3000000, Narrow klass shift: 0
Encoding Range: [0x00000232b3000000 - 0x00000233b3000000), (4294967296 bytes)
Klass Range:    [0x00000232b3000000 - 0x00000232f4000000), (1090519040 bytes)
Klass ID Range:  [8 - 1090519033) (1090519025)

GC Precious Log:
 CardTable entry size: 512
 Card Set container configuration: InlinePtr #cards 5 size 8 Array Of Cards #cards 10 size 36 Howl #buckets 4 coarsen threshold 1843 Howl Bitmap #cards 512 size 80 coarsen threshold 460 Card regions per heap region 1 cards per card region 2048
 CPUs: 4 total, 4 available
 Memory: 8097M
 Large Page Support: Disabled
 NUMA Support: Disabled
 Compressed Oops: Enabled (32-bit)
 Heap Region Size: 1M
 Heap Min Capacity: 8M
 Heap Initial Capacity: 128M
 Heap Max Capacity: 2026M
 Pre-touch: Disabled
 Parallel Workers: 4
 Concurrent Workers: 1
 Concurrent Refinement Workers: 4
 Periodic GC: Disabled

Heap:
 garbage-first heap   total reserved 2074624K, committed 133120K, used 10206K [0x0000000081600000, 0x0000000100000000)
  region size 1024K, 9 young (9216K), 4 survivors (4096K)
 Metaspace       used 15492K, committed 15744K, reserved 1114112K
  class space    used 1497K, committed 1600K, reserved 1048576K

Heap Regions: E=young(eden), S=young(survivor), O=old, HS=humongous(starts), HC=humongous(continues), CS=collection set, F=free, TAMS=top-at-mark-start, PB=parsable bottom
|   0|0x0000000081600000, 0x00000000816da9d0, 0x0000000081700000| 85%| O|  |TAMS 0x0000000081600000| PB 0x0000000081600000| Untracked |  0
|   1|0x0000000081700000, 0x0000000081700000, 0x0000000081800000|  0%| F|  |TAMS 0x0000000081700000| PB 0x0000000081700000| Untracked |  0
|   2|0x0000000081800000, 0x0000000081800000, 0x0000000081900000|  0%| F|  |TAMS 0x0000000081800000| PB 0x0000000081800000| Untracked |  0
|   3|0x0000000081900000, 0x0000000081900000, 0x0000000081a00000|  0%| F|  |TAMS 0x0000000081900000| PB 0x0000000081900000| Untracked |  0
|   4|0x0000000081a00000, 0x0000000081a00000, 0x0000000081b00000|  0%| F|  |TAMS 0x0000000081a00000| PB 0x0000000081a00000| Untracked |  0
|   5|0x0000000081b00000, 0x0000000081b00000, 0x0000000081c00000|  0%| F|  |TAMS 0x0000000081b00000| PB 0x0000000081b00000| Untracked |  0
|   6|0x0000000081c00000, 0x0000000081c00000, 0x0000000081d00000|  0%| F|  |TAMS 0x0000000081c00000| PB 0x0000000081c00000| Untracked |  0
|   7|0x0000000081d00000, 0x0000000081d00000, 0x0000000081e00000|  0%| F|  |TAMS 0x0000000081d00000| PB 0x0000000081d00000| Untracked |  0
|   8|0x0000000081e00000, 0x0000000081e00000, 0x0000000081f00000|  0%| F|  |TAMS 0x0000000081e00000| PB 0x0000000081e00000| Untracked |  0
|   9|0x0000000081f00000, 0x0000000081f00000, 0x0000000082000000|  0%| F|  |TAMS 0x0000000081f00000| PB 0x0000000081f00000| Untracked |  0
|  10|0x0000000082000000, 0x0000000082000000, 0x0000000082100000|  0%| F|  |TAMS 0x0000000082000000| PB 0x0000000082000000| Untracked |  0
|  11|0x0000000082100000, 0x0000000082100000, 0x0000000082200000|  0%| F|  |TAMS 0x0000000082100000| PB 0x0000000082100000| Untracked |  0
|  12|0x0000000082200000, 0x0000000082200000, 0x0000000082300000|  0%| F|  |TAMS 0x0000000082200000| PB 0x0000000082200000| Untracked |  0
|  13|0x0000000082300000, 0x0000000082300000, 0x0000000082400000|  0%| F|  |TAMS 0x0000000082300000| PB 0x0000000082300000| Untracked |  0
|  14|0x0000000082400000, 0x0000000082400000, 0x0000000082500000|  0%| F|  |TAMS 0x0000000082400000| PB 0x0000000082400000| Untracked |  0
|  15|0x0000000082500000, 0x0000000082500000, 0x0000000082600000|  0%| F|  |TAMS 0x0000000082500000| PB 0x0000000082500000| Untracked |  0
|  16|0x0000000082600000, 0x0000000082600000, 0x0000000082700000|  0%| F|  |TAMS 0x0000000082600000| PB 0x0000000082600000| Untracked |  0
|  17|0x0000000082700000, 0x0000000082700000, 0x0000000082800000|  0%| F|  |TAMS 0x0000000082700000| PB 0x0000000082700000| Untracked |  0
|  18|0x0000000082800000, 0x0000000082800000, 0x0000000082900000|  0%| F|  |TAMS 0x0000000082800000| PB 0x0000000082800000| Untracked |  0
|  19|0x0000000082900000, 0x0000000082900000, 0x0000000082a00000|  0%| F|  |TAMS 0x0000000082900000| PB 0x0000000082900000| Untracked |  0
|  20|0x0000000082a00000, 0x0000000082a00000, 0x0000000082b00000|  0%| F|  |TAMS 0x0000000082a00000| PB 0x0000000082a00000| Untracked |  0
|  21|0x0000000082b00000, 0x0000000082b00000, 0x0000000082c00000|  0%| F|  |TAMS 0x0000000082b00000| PB 0x0000000082b00000| Untracked |  0
|  22|0x0000000082c00000, 0x0000000082c00000, 0x0000000082d00000|  0%| F|  |TAMS 0x0000000082c00000| PB 0x0000000082c00000| Untracked |  0
|  23|0x0000000082d00000, 0x0000000082d00000, 0x0000000082e00000|  0%| F|  |TAMS 0x0000000082d00000| PB 0x0000000082d00000| Untracked |  0
|  24|0x0000000082e00000, 0x0000000082e00000, 0x0000000082f00000|  0%| F|  |TAMS 0x0000000082e00000| PB 0x0000000082e00000| Untracked |  0
|  25|0x0000000082f00000, 0x0000000082f00000, 0x0000000083000000|  0%| F|  |TAMS 0x0000000082f00000| PB 0x0000000082f00000| Untracked |  0
|  26|0x0000000083000000, 0x0000000083000000, 0x0000000083100000|  0%| F|  |TAMS 0x0000000083000000| PB 0x0000000083000000| Untracked |  0
|  27|0x0000000083100000, 0x0000000083100000, 0x0000000083200000|  0%| F|  |TAMS 0x0000000083100000| PB 0x0000000083100000| Untracked |  0
|  28|0x0000000083200000, 0x0000000083200000, 0x0000000083300000|  0%| F|  |TAMS 0x0000000083200000| PB 0x0000000083200000| Untracked |  0
|  29|0x0000000083300000, 0x0000000083300000, 0x0000000083400000|  0%| F|  |TAMS 0x0000000083300000| PB 0x0000000083300000| Untracked |  0
|  30|0x0000000083400000, 0x0000000083400000, 0x0000000083500000|  0%| F|  |TAMS 0x0000000083400000| PB 0x0000000083400000| Untracked |  0
|  31|0x0000000083500000, 0x0000000083500000, 0x0000000083600000|  0%| F|  |TAMS 0x0000000083500000| PB 0x0000000083500000| Untracked |  0
|  32|0x0000000083600000, 0x0000000083600000, 0x0000000083700000|  0%| F|  |TAMS 0x0000000083600000| PB 0x0000000083600000| Untracked |  0
|  33|0x0000000083700000, 0x0000000083700000, 0x0000000083800000|  0%| F|  |TAMS 0x0000000083700000| PB 0x0000000083700000| Untracked |  0
|  34|0x0000000083800000, 0x0000000083800000, 0x0000000083900000|  0%| F|  |TAMS 0x0000000083800000| PB 0x0000000083800000| Untracked |  0
|  35|0x0000000083900000, 0x0000000083900000, 0x0000000083a00000|  0%| F|  |TAMS 0x0000000083900000| PB 0x0000000083900000| Untracked |  0
|  36|0x0000000083a00000, 0x0000000083a00000, 0x0000000083b00000|  0%| F|  |TAMS 0x0000000083a00000| PB 0x0000000083a00000| Untracked |  0
|  37|0x0000000083b00000, 0x0000000083b00000, 0x0000000083c00000|  0%| F|  |TAMS 0x0000000083b00000| PB 0x0000000083b00000| Untracked |  0
|  38|0x0000000083c00000, 0x0000000083c00000, 0x0000000083d00000|  0%| F|  |TAMS 0x0000000083c00000| PB 0x0000000083c00000| Untracked |  0
|  39|0x0000000083d00000, 0x0000000083d00000, 0x0000000083e00000|  0%| F|  |TAMS 0x0000000083d00000| PB 0x0000000083d00000| Untracked |  0
|  40|0x0000000083e00000, 0x0000000083e00000, 0x0000000083f00000|  0%| F|  |TAMS 0x0000000083e00000| PB 0x0000000083e00000| Untracked |  0
|  41|0x0000000083f00000, 0x0000000083f00000, 0x0000000084000000|  0%| F|  |TAMS 0x0000000083f00000| PB 0x0000000083f00000| Untracked |  0
|  42|0x0000000084000000, 0x0000000084000000, 0x0000000084100000|  0%| F|  |TAMS 0x0000000084000000| PB 0x0000000084000000| Untracked |  0
|  43|0x0000000084100000, 0x0000000084100000, 0x0000000084200000|  0%| F|  |TAMS 0x0000000084100000| PB 0x0000000084100000| Untracked |  0
|  44|0x0000000084200000, 0x0000000084200000, 0x0000000084300000|  0%| F|  |TAMS 0x0000000084200000| PB 0x0000000084200000| Untracked |  0
|  45|0x0000000084300000, 0x0000000084300000, 0x0000000084400000|  0%| F|  |TAMS 0x0000000084300000| PB 0x0000000084300000| Untracked |  0
|  46|0x0000000084400000, 0x0000000084400000, 0x0000000084500000|  0%| F|  |TAMS 0x0000000084400000| PB 0x0000000084400000| Untracked |  0
|  47|0x0000000084500000, 0x0000000084500000, 0x0000000084600000|  0%| F|  |TAMS 0x0000000084500000| PB 0x0000000084500000| Untracked |  0
|  48|0x0000000084600000, 0x0000000084600000, 0x0000000084700000|  0%| F|  |TAMS 0x0000000084600000| PB 0x0000000084600000| Untracked |  0
|  49|0x0000000084700000, 0x0000000084700000, 0x0000000084800000|  0%| F|  |TAMS 0x0000000084700000| PB 0x0000000084700000| Untracked |  0
|  50|0x0000000084800000, 0x0000000084800000, 0x0000000084900000|  0%| F|  |TAMS 0x0000000084800000| PB 0x0000000084800000| Untracked |  0
|  51|0x0000000084900000, 0x0000000084900000, 0x0000000084a00000|  0%| F|  |TAMS 0x0000000084900000| PB 0x0000000084900000| Untracked |  0
|  52|0x0000000084a00000, 0x0000000084a00000, 0x0000000084b00000|  0%| F|  |TAMS 0x0000000084a00000| PB 0x0000000084a00000| Untracked |  0
|  53|0x0000000084b00000, 0x0000000084b00000, 0x0000000084c00000|  0%| F|  |TAMS 0x0000000084b00000| PB 0x0000000084b00000| Untracked |  0
|  54|0x0000000084c00000, 0x0000000084c00000, 0x0000000084d00000|  0%| F|  |TAMS 0x0000000084c00000| PB 0x0000000084c00000| Untracked |  0
|  55|0x0000000084d00000, 0x0000000084d00000, 0x0000000084e00000|  0%| F|  |TAMS 0x0000000084d00000| PB 0x0000000084d00000| Untracked |  0
|  56|0x0000000084e00000, 0x0000000084e00000, 0x0000000084f00000|  0%| F|  |TAMS 0x0000000084e00000| PB 0x0000000084e00000| Untracked |  0
|  57|0x0000000084f00000, 0x0000000084f00000, 0x0000000085000000|  0%| F|  |TAMS 0x0000000084f00000| PB 0x0000000084f00000| Untracked |  0
|  58|0x0000000085000000, 0x0000000085000000, 0x0000000085100000|  0%| F|  |TAMS 0x0000000085000000| PB 0x0000000085000000| Untracked |  0
|  59|0x0000000085100000, 0x0000000085100000, 0x0000000085200000|  0%| F|  |TAMS 0x0000000085100000| PB 0x0000000085100000| Untracked |  0
|  60|0x0000000085200000, 0x0000000085200000, 0x0000000085300000|  0%| F|  |TAMS 0x0000000085200000| PB 0x0000000085200000| Untracked |  0
|  61|0x0000000085300000, 0x0000000085300000, 0x0000000085400000|  0%| F|  |TAMS 0x0000000085300000| PB 0x0000000085300000| Untracked |  0
|  62|0x0000000085400000, 0x0000000085400000, 0x0000000085500000|  0%| F|  |TAMS 0x0000000085400000| PB 0x0000000085400000| Untracked |  0
|  63|0x0000000085500000, 0x0000000085500000, 0x0000000085600000|  0%| F|  |TAMS 0x0000000085500000| PB 0x0000000085500000| Untracked |  0
|  64|0x0000000085600000, 0x0000000085600000, 0x0000000085700000|  0%| F|  |TAMS 0x0000000085600000| PB 0x0000000085600000| Untracked |  0
|  65|0x0000000085700000, 0x0000000085700000, 0x0000000085800000|  0%| F|  |TAMS 0x0000000085700000| PB 0x0000000085700000| Untracked |  0
|  66|0x0000000085800000, 0x0000000085800000, 0x0000000085900000|  0%| F|  |TAMS 0x0000000085800000| PB 0x0000000085800000| Untracked |  0
|  67|0x0000000085900000, 0x0000000085900000, 0x0000000085a00000|  0%| F|  |TAMS 0x0000000085900000| PB 0x0000000085900000| Untracked |  0
|  68|0x0000000085a00000, 0x0000000085a00000, 0x0000000085b00000|  0%| F|  |TAMS 0x0000000085a00000| PB 0x0000000085a00000| Untracked |  0
|  69|0x0000000085b00000, 0x0000000085b00000, 0x0000000085c00000|  0%| F|  |TAMS 0x0000000085b00000| PB 0x0000000085b00000| Untracked |  0
|  70|0x0000000085c00000, 0x0000000085c00000, 0x0000000085d00000|  0%| F|  |TAMS 0x0000000085c00000| PB 0x0000000085c00000| Untracked |  0
|  71|0x0000000085d00000, 0x0000000085d00000, 0x0000000085e00000|  0%| F|  |TAMS 0x0000000085d00000| PB 0x0000000085d00000| Untracked |  0
|  72|0x0000000085e00000, 0x0000000085e00000, 0x0000000085f00000|  0%| F|  |TAMS 0x0000000085e00000| PB 0x0000000085e00000| Untracked |  0
|  73|0x0000000085f00000, 0x0000000085f00000, 0x0000000086000000|  0%| F|  |TAMS 0x0000000085f00000| PB 0x0000000085f00000| Untracked |  0
|  74|0x0000000086000000, 0x0000000086000000, 0x0000000086100000|  0%| F|  |TAMS 0x0000000086000000| PB 0x0000000086000000| Untracked |  0
|  75|0x0000000086100000, 0x0000000086100000, 0x0000000086200000|  0%| F|  |TAMS 0x0000000086100000| PB 0x0000000086100000| Untracked |  0
|  76|0x0000000086200000, 0x0000000086200000, 0x0000000086300000|  0%| F|  |TAMS 0x0000000086200000| PB 0x0000000086200000| Untracked |  0
|  77|0x0000000086300000, 0x0000000086300000, 0x0000000086400000|  0%| F|  |TAMS 0x0000000086300000| PB 0x0000000086300000| Untracked |  0
|  78|0x0000000086400000, 0x0000000086400000, 0x0000000086500000|  0%| F|  |TAMS 0x0000000086400000| PB 0x0000000086400000| Untracked |  0
|  79|0x0000000086500000, 0x0000000086500000, 0x0000000086600000|  0%| F|  |TAMS 0x0000000086500000| PB 0x0000000086500000| Untracked |  0
|  80|0x0000000086600000, 0x0000000086600000, 0x0000000086700000|  0%| F|  |TAMS 0x0000000086600000| PB 0x0000000086600000| Untracked |  0
|  81|0x0000000086700000, 0x0000000086700000, 0x0000000086800000|  0%| F|  |TAMS 0x0000000086700000| PB 0x0000000086700000| Untracked |  0
|  82|0x0000000086800000, 0x0000000086800000, 0x0000000086900000|  0%| F|  |TAMS 0x0000000086800000| PB 0x0000000086800000| Untracked |  0
|  83|0x0000000086900000, 0x0000000086900000, 0x0000000086a00000|  0%| F|  |TAMS 0x0000000086900000| PB 0x0000000086900000| Untracked |  0
|  84|0x0000000086a00000, 0x0000000086a00000, 0x0000000086b00000|  0%| F|  |TAMS 0x0000000086a00000| PB 0x0000000086a00000| Untracked |  0
|  85|0x0000000086b00000, 0x0000000086b00000, 0x0000000086c00000|  0%| F|  |TAMS 0x0000000086b00000| PB 0x0000000086b00000| Untracked |  0
|  86|0x0000000086c00000, 0x0000000086c00000, 0x0000000086d00000|  0%| F|  |TAMS 0x0000000086c00000| PB 0x0000000086c00000| Untracked |  0
|  87|0x0000000086d00000, 0x0000000086d00000, 0x0000000086e00000|  0%| F|  |TAMS 0x0000000086d00000| PB 0x0000000086d00000| Untracked |  0
|  88|0x0000000086e00000, 0x0000000086e00000, 0x0000000086f00000|  0%| F|  |TAMS 0x0000000086e00000| PB 0x0000000086e00000| Untracked |  0
|  89|0x0000000086f00000, 0x0000000086f00000, 0x0000000087000000|  0%| F|  |TAMS 0x0000000086f00000| PB 0x0000000086f00000| Untracked |  0
|  90|0x0000000087000000, 0x0000000087000000, 0x0000000087100000|  0%| F|  |TAMS 0x0000000087000000| PB 0x0000000087000000| Untracked |  0
|  91|0x0000000087100000, 0x0000000087100000, 0x0000000087200000|  0%| F|  |TAMS 0x0000000087100000| PB 0x0000000087100000| Untracked |  0
|  92|0x0000000087200000, 0x0000000087200000, 0x0000000087300000|  0%| F|  |TAMS 0x0000000087200000| PB 0x0000000087200000| Untracked |  0
|  93|0x0000000087300000, 0x0000000087300000, 0x0000000087400000|  0%| F|  |TAMS 0x0000000087300000| PB 0x0000000087300000| Untracked |  0
|  94|0x0000000087400000, 0x0000000087400000, 0x0000000087500000|  0%| F|  |TAMS 0x0000000087400000| PB 0x0000000087400000| Untracked |  0
|  95|0x0000000087500000, 0x0000000087500000, 0x0000000087600000|  0%| F|  |TAMS 0x0000000087500000| PB 0x0000000087500000| Untracked |  0
|  96|0x0000000087600000, 0x0000000087700000, 0x0000000087700000|100%| S|CS|TAMS 0x0000000087600000| PB 0x0000000087600000| Complete |  0
|  97|0x0000000087700000, 0x0000000087800000, 0x0000000087800000|100%| S|CS|TAMS 0x0000000087700000| PB 0x0000000087700000| Complete |  0
|  98|0x0000000087800000, 0x0000000087900000, 0x0000000087900000|100%| S|CS|TAMS 0x0000000087800000| PB 0x0000000087800000| Complete |  0
|  99|0x0000000087900000, 0x0000000087a00000, 0x0000000087a00000|100%| S|CS|TAMS 0x0000000087900000| PB 0x0000000087900000| Complete |  0
| 100|0x0000000087a00000, 0x0000000087a00000, 0x0000000087b00000|  0%| F|  |TAMS 0x0000000087a00000| PB 0x0000000087a00000| Untracked |  0
| 101|0x0000000087b00000, 0x0000000087b00000, 0x0000000087c00000|  0%| F|  |TAMS 0x0000000087b00000| PB 0x0000000087b00000| Untracked |  0
| 102|0x0000000087c00000, 0x0000000087c00000, 0x0000000087d00000|  0%| F|  |TAMS 0x0000000087c00000| PB 0x0000000087c00000| Untracked |  0
| 103|0x0000000087d00000, 0x0000000087d00000, 0x0000000087e00000|  0%| F|  |TAMS 0x0000000087d00000| PB 0x0000000087d00000| Untracked |  0
| 104|0x0000000087e00000, 0x0000000087e00000, 0x0000000087f00000|  0%| F|  |TAMS 0x0000000087e00000| PB 0x0000000087e00000| Untracked |  0
| 105|0x0000000087f00000, 0x0000000087f00000, 0x0000000088000000|  0%| F|  |TAMS 0x0000000087f00000| PB 0x0000000087f00000| Untracked |  0
| 106|0x0000000088000000, 0x0000000088000000, 0x0000000088100000|  0%| F|  |TAMS 0x0000000088000000| PB 0x0000000088000000| Untracked |  0
| 107|0x0000000088100000, 0x0000000088100000, 0x0000000088200000|  0%| F|  |TAMS 0x0000000088100000| PB 0x0000000088100000| Untracked |  0
| 108|0x0000000088200000, 0x0000000088200000, 0x0000000088300000|  0%| F|  |TAMS 0x0000000088200000| PB 0x0000000088200000| Untracked |  0
| 109|0x0000000088300000, 0x0000000088300000, 0x0000000088400000|  0%| F|  |TAMS 0x0000000088300000| PB 0x0000000088300000| Untracked |  0
| 110|0x0000000088400000, 0x0000000088400000, 0x0000000088500000|  0%| F|  |TAMS 0x0000000088400000| PB 0x0000000088400000| Untracked |  0
| 111|0x0000000088500000, 0x0000000088500000, 0x0000000088600000|  0%| F|  |TAMS 0x0000000088500000| PB 0x0000000088500000| Untracked |  0
| 112|0x0000000088600000, 0x0000000088600000, 0x0000000088700000|  0%| F|  |TAMS 0x0000000088600000| PB 0x0000000088600000| Untracked |  0
| 113|0x0000000088700000, 0x0000000088700000, 0x0000000088800000|  0%| F|  |TAMS 0x0000000088700000| PB 0x0000000088700000| Untracked |  0
| 114|0x0000000088800000, 0x0000000088800000, 0x0000000088900000|  0%| F|  |TAMS 0x0000000088800000| PB 0x0000000088800000| Untracked |  0
| 115|0x0000000088900000, 0x0000000088900000, 0x0000000088a00000|  0%| F|  |TAMS 0x0000000088900000| PB 0x0000000088900000| Untracked |  0
| 116|0x0000000088a00000, 0x0000000088a00000, 0x0000000088b00000|  0%| F|  |TAMS 0x0000000088a00000| PB 0x0000000088a00000| Untracked |  0
| 117|0x0000000088b00000, 0x0000000088b00000, 0x0000000088c00000|  0%| F|  |TAMS 0x0000000088b00000| PB 0x0000000088b00000| Untracked |  0
| 118|0x0000000088c00000, 0x0000000088c00000, 0x0000000088d00000|  0%| F|  |TAMS 0x0000000088c00000| PB 0x0000000088c00000| Untracked |  0
| 119|0x0000000088d00000, 0x0000000088d00000, 0x0000000088e00000|  0%| F|  |TAMS 0x0000000088d00000| PB 0x0000000088d00000| Untracked |  0
| 120|0x0000000088e00000, 0x0000000088e00000, 0x0000000088f00000|  0%| F|  |TAMS 0x0000000088e00000| PB 0x0000000088e00000| Untracked |  0
| 121|0x0000000088f00000, 0x0000000088f00000, 0x0000000089000000|  0%| F|  |TAMS 0x0000000088f00000| PB 0x0000000088f00000| Untracked |  0
| 122|0x0000000089000000, 0x0000000089000000, 0x0000000089100000|  0%| F|  |TAMS 0x0000000089000000| PB 0x0000000089000000| Untracked |  0
| 123|0x0000000089100000, 0x00000000891dd340, 0x0000000089200000| 86%| E|  |TAMS 0x0000000089100000| PB 0x0000000089100000| Complete |  0
| 124|0x0000000089200000, 0x0000000089300000, 0x0000000089300000|100%| E|CS|TAMS 0x0000000089200000| PB 0x0000000089200000| Complete |  0
| 125|0x0000000089300000, 0x0000000089400000, 0x0000000089400000|100%| E|CS|TAMS 0x0000000089300000| PB 0x0000000089300000| Complete |  0
| 126|0x0000000089400000, 0x0000000089500000, 0x0000000089500000|100%| E|CS|TAMS 0x0000000089400000| PB 0x0000000089400000| Complete |  0
| 127|0x0000000089500000, 0x0000000089600000, 0x0000000089600000|100%| E|CS|TAMS 0x0000000089500000| PB 0x0000000089500000| Complete |  0
|2024|0x00000000ffe00000, 0x00000000fff00000, 0x00000000fff00000|100%| O|  |TAMS 0x00000000ffe00000| PB 0x00000000ffe00000| Untracked |  0
|2025|0x00000000fff00000, 0x00000000fff1d1c0, 0x0000000100000000| 11%| O|  |TAMS 0x00000000fff00000| PB 0x00000000fff00000| Untracked |  0

Card table byte_map: [0x00000232ad6e0000,0x00000232adae0000] _byte_map_base: 0x00000232ad2d5000

Marking Bits: (CMBitMap*) 0x0000023295a84e40
 Bits: [0x00000232adae0000, 0x00000232afa88000)

Polling page: 0x0000023293760000

Metaspace:

Usage:
  Non-class:     13.68 MB used.
      Class:      1.46 MB used.
       Both:     15.15 MB used.

Virtual space:
  Non-class space:       64.00 MB reserved,      13.81 MB ( 22%) committed,  1 nodes.
      Class space:        1.00 GB reserved,       1.56 MB ( <1%) committed,  1 nodes.
             Both:        1.06 GB reserved,      15.38 MB (  1%) committed. 

Chunk freelists:
   Non-Class:  2.02 MB
       Class:  14.46 MB
        Both:  16.47 MB

MaxMetaspaceSize: unlimited
CompressedClassSpaceSize: 1.00 GB
Initial GC threshold: 21.00 MB
Current GC threshold: 21.00 MB
CDS: on
 - commit_granule_bytes: 65536.
 - commit_granule_words: 8192.
 - virtual_space_node_default_size: 8388608.
 - enlarge_chunks_in_place: 1.
UseCompressedClassPointers 1, UseCompactObjectHeaders 0
Narrow klass pointer bits 32, Max shift 3
Narrow klass base: 0x00000232b3000000, Narrow klass shift: 0
Encoding Range: [0x00000232b3000000 - 0x00000233b3000000), (4294967296 bytes)
Klass Range:    [0x00000232b3000000 - 0x00000232f4000000), (1090519040 bytes)
Klass ID Range:  [8 - 1090519033) (1090519025)


Internal statistics:

num_allocs_failed_limit: 0.
num_arena_births: 166.
num_arena_deaths: 0.
num_vsnodes_births: 2.
num_vsnodes_deaths: 0.
num_space_committed: 246.
num_space_uncommitted: 0.
num_chunks_returned_to_freelist: 0.
num_chunks_taken_from_freelist: 226.
num_chunk_merges: 0.
num_chunk_splits: 143.
num_chunks_enlarged: 87.
num_inconsistent_stats: 0.

CodeHeap 'non-profiled nmethods': size=120064Kb used=656Kb max_used=656Kb free=119407Kb
 bounds [0x00000232a5da0000, 0x00000232a6010000, 0x00000232ad2e0000]
CodeHeap 'profiled nmethods': size=120000Kb used=3001Kb max_used=3001Kb free=116999Kb
 bounds [0x000002329e2e0000, 0x000002329e5d0000, 0x00000232a5810000]
CodeHeap 'non-nmethods': size=5696Kb used=1516Kb max_used=1527Kb free=4179Kb
 bounds [0x00000232a5810000, 0x00000232a5a80000, 0x00000232a5da0000]
CodeCache: size=245760Kb, used=5173Kb, max_used=5184Kb, free=240585Kb
 total_blobs=2718, nmethods=2034, adapters=589, full_count=0
Compilation: enabled, stopped_count=0, restarted_count=0

Compilation events (20 events):
Event: 1.759 Thread 0x00000232b209f300 1856       3       javax.swing.plaf.nimbus.NimbusDefaults$LazyPainter::<init> (51 bytes)
Event: 1.760 Thread 0x00000232b209f300 nmethod 1856 0x000002329e576388 code [0x000002329e5764e0, 0x000002329e5768d8]
Event: 1.760 Thread 0x00000232b209f300 1857       3       javax.swing.plaf.nimbus.AbstractRegionPainter$PaintContext::<init> (281 bytes)
Event: 1.761 Thread 0x00000232b209f300 nmethod 1857 0x000002329e576908 code [0x000002329e576aa0, 0x000002329e5771f0]
Event: 1.761 Thread 0x00000232b209f300 1858       3       javax.swing.plaf.nimbus.DerivedColor::equals (100 bytes)
Event: 1.762 Thread 0x00000232b209f300 nmethod 1858 0x000002329e577288 code [0x000002329e577420, 0x000002329e577ab8]
Event: 1.762 Thread 0x00000232b209f300 1859       3       javax.swing.plaf.nimbus.DerivedColor$UIResource::equals (21 bytes)
Event: 1.762 Thread 0x00000232b209f300 nmethod 1859 0x000002329e577b08 code [0x000002329e577c20, 0x000002329e577ea8]
Event: 1.770 Thread 0x00000232b209f300 1860       3       java.util.LinkedList$ListItr::hasNext (20 bytes)
Event: 1.771 Thread 0x00000232b209f300 nmethod 1860 0x000002329e577f08 code [0x000002329e578020, 0x000002329e578188]
Event: 1.771 Thread 0x00000232b209f300 1862   !   3       sun.awt.AppContext::get (123 bytes)
Event: 1.771 Thread 0x00000232b2a8ed50 1863       4       java.lang.StringLatin1::indexOf (121 bytes)
Event: 1.772 Thread 0x00000232b209f300 nmethod 1862 0x000002329e578208 code [0x000002329e5783a0, 0x000002329e578f08]
Event: 1.772 Thread 0x00000232b209f300 1861       1       java.awt.Color::getRGB (5 bytes)
Event: 1.773 Thread 0x00000232b209f300 nmethod 1861 0x00000232a5e36208 code [0x00000232a5e36300, 0x00000232a5e363c8]
Event: 1.777 Thread 0x00000232b209f300 1864       1       java.util.concurrent.locks.AbstractOwnableSynchronizer::setExclusiveOwnerThread (6 bytes)
Event: 1.778 Thread 0x00000232b209f300 nmethod 1864 0x00000232a5e36508 code [0x00000232a5e36620, 0x00000232a5e36730]
Event: 1.784 Thread 0x00000232b209f300 1865   !   3       java.util.logging.LogManager::ensureLogManagerInitialized (237 bytes)
Event: 1.787 Thread 0x00000232b209f300 nmethod 1865 0x000002329e578f88 code [0x000002329e579280, 0x000002329e57ac88]
Event: 1.789 Thread 0x00000232b2a8ed50 nmethod 1863 0x00000232a5e36808 code [0x00000232a5e36920, 0x00000232a5e36e10]

GC Heap History (2 events):
Event: 1.659 GC heap before
{Heap before GC invocations=0 (full 0):
 garbage-first heap   total reserved 2074624K, committed 133120K, used 29812K [0x0000000081600000, 0x0000000100000000)
  region size 1024K, 28 young (28672K), 0 survivors (0K)
 Metaspace       used 11478K, committed 11648K, reserved 1114112K
  class space    used 1073K, committed 1152K, reserved 1048576K
}
Event: 1.674 GC heap after
{Heap after GC invocations=1 (full 0):
 garbage-first heap   total reserved 2074624K, committed 133120K, used 6110K [0x0000000081600000, 0x0000000100000000)
  region size 1024K, 4 young (4096K), 4 survivors (4096K)
 Metaspace       used 11478K, committed 11648K, reserved 1114112K
  class space    used 1073K, committed 1152K, reserved 1048576K
}

Dll operation events (15 events):
Event: 0.031 Loaded shared library C:\Program Files\Java\jdk-24\bin\java.dll
Event: 0.115 Loaded shared library C:\Program Files\Java\jdk-24\bin\jsvml.dll
Event: 0.271 Loaded shared library C:\Program Files\Java\jdk-24\bin\zip.dll
Event: 0.276 Loaded shared library C:\Program Files\Java\jdk-24\bin\instrument.dll
Event: 0.289 Loaded shared library C:\Program Files\Java\jdk-24\bin\net.dll
Event: 0.294 Loaded shared library C:\Program Files\Java\jdk-24\bin\nio.dll
Event: 0.307 Loaded shared library C:\Program Files\Java\jdk-24\bin\zip.dll
Event: 0.388 Loaded shared library C:\Program Files\Java\jdk-24\bin\extnet.dll
Event: 0.396 Loaded shared library C:\Program Files\Java\jdk-24\bin\jimage.dll
Event: 0.436 Loaded shared library C:\Program Files\Java\jdk-24\bin\awt.dll
Event: 0.555 Loaded shared library C:\Program Files\Java\jdk-24\bin\management.dll
Event: 0.582 Loaded shared library C:\Program Files\Java\jdk-24\bin\management_ext.dll
Event: 1.173 Loaded shared library C:\Program Files\Java\jdk-24\bin\freetype.dll
Event: 1.178 Loaded shared library C:\Program Files\Java\jdk-24\bin\fontmanager.dll
Event: 1.212 Loaded shared library C:\Users\Admin\AppData\Local\Temp\idea_libasyncProfiler_dll_temp_folder1\libasyncProfiler.dll

Deoptimization events (20 events):
Event: 1.729 Thread 0x00000232937aff00 Uncommon trap: trap_request=0xffffffc6 fr.pc=0x00000232a5e06570 relative=0x0000000000000bf0
Event: 1.729 Thread 0x00000232937aff00 Uncommon trap: reason=bimorphic_or_optimized_type_check action=maybe_recompile pc=0x00000232a5e06570 method=java.util.HashMap.putVal(ILjava/lang/Object;Ljava/lang/Object;ZZ)Ljava/lang/Object; @ 56 c2
Event: 1.729 Thread 0x00000232937aff00 DEOPT PACKING pc=0x00000232a5e06570 sp=0x000000f0769ff010
Event: 1.729 Thread 0x00000232937aff00 DEOPT UNPACKING pc=0x00000232a5926382 sp=0x000000f0769fef68 mode 2
Event: 1.729 Thread 0x00000232937aff00 Uncommon trap: trap_request=0xffffffc6 fr.pc=0x00000232a5e06570 relative=0x0000000000000bf0
Event: 1.730 Thread 0x00000232937aff00 Uncommon trap: reason=bimorphic_or_optimized_type_check action=maybe_recompile pc=0x00000232a5e06570 method=java.util.HashMap.putVal(ILjava/lang/Object;Ljava/lang/Object;ZZ)Ljava/lang/Object; @ 56 c2
Event: 1.730 Thread 0x00000232937aff00 DEOPT PACKING pc=0x00000232a5e06570 sp=0x000000f0769ff010
Event: 1.730 Thread 0x00000232937aff00 DEOPT UNPACKING pc=0x00000232a5926382 sp=0x000000f0769fef68 mode 2
Event: 1.730 Thread 0x00000232937aff00 Uncommon trap: trap_request=0xffffffc6 fr.pc=0x00000232a5e06570 relative=0x0000000000000bf0
Event: 1.730 Thread 0x00000232937aff00 Uncommon trap: reason=bimorphic_or_optimized_type_check action=maybe_recompile pc=0x00000232a5e06570 method=java.util.HashMap.putVal(ILjava/lang/Object;Ljava/lang/Object;ZZ)Ljava/lang/Object; @ 56 c2
Event: 1.730 Thread 0x00000232937aff00 DEOPT PACKING pc=0x00000232a5e06570 sp=0x000000f0769ff010
Event: 1.730 Thread 0x00000232937aff00 DEOPT UNPACKING pc=0x00000232a5926382 sp=0x000000f0769fef68 mode 2
Event: 1.730 Thread 0x00000232937aff00 Uncommon trap: trap_request=0xffffffc6 fr.pc=0x00000232a5e06570 relative=0x0000000000000bf0
Event: 1.730 Thread 0x00000232937aff00 Uncommon trap: reason=bimorphic_or_optimized_type_check action=maybe_recompile pc=0x00000232a5e06570 method=java.util.HashMap.putVal(ILjava/lang/Object;Ljava/lang/Object;ZZ)Ljava/lang/Object; @ 56 c2
Event: 1.730 Thread 0x00000232937aff00 DEOPT PACKING pc=0x00000232a5e06570 sp=0x000000f0769ff010
Event: 1.730 Thread 0x00000232937aff00 DEOPT UNPACKING pc=0x00000232a5926382 sp=0x000000f0769fef68 mode 2
Event: 1.782 Thread 0x00000232f9c49ba0 Uncommon trap: trap_request=0xffffff4d fr.pc=0x00000232a5e1e91c relative=0x00000000000000fc
Event: 1.782 Thread 0x00000232f9c49ba0 Uncommon trap: reason=unstable_if action=reinterpret pc=0x00000232a5e1e91c method=java.lang.ref.SoftReference.get()Ljava/lang/Object; @ 17 c2
Event: 1.782 Thread 0x00000232f9c49ba0 DEOPT PACKING pc=0x00000232a5e1e91c sp=0x000000f0786fee70
Event: 1.782 Thread 0x00000232f9c49ba0 DEOPT UNPACKING pc=0x00000232a5926382 sp=0x000000f0786fed98 mode 2

Classes loaded (20 events):
Event: 1.781 Loading class java/awt/ComponentOrientation done
Event: 1.783 Loading class java/awt/Cursor
Event: 1.783 Loading class java/awt/Cursor done
Event: 1.784 Loading class java/awt/Point
Event: 1.785 Loading class java/awt/Point done
Event: 1.785 Loading class java/awt/Cursor$1
Event: 1.785 Loading class sun/awt/AWTAccessor$CursorAccessor
Event: 1.785 Loading class sun/awt/AWTAccessor$CursorAccessor done
Event: 1.785 Loading class java/awt/Cursor$1 done
Event: 1.786 Loading class java/awt/GraphicsDevice
Event: 1.786 Loading class java/awt/GraphicsDevice done
Event: 1.786 Loading class sun/java2d/d3d/D3DGraphicsDevice
Event: 1.787 Loading class sun/awt/Win32GraphicsDevice
Event: 1.788 Loading class sun/awt/Win32GraphicsDevice done
Event: 1.788 Loading class sun/java2d/d3d/D3DGraphicsDevice done
Event: 1.793 Loading class sun/java2d/d3d/D3DRenderQueue
Event: 1.793 Loading class sun/java2d/pipe/RenderQueue
Event: 1.794 Loading class sun/java2d/pipe/RenderQueue done
Event: 1.794 Loading class sun/java2d/d3d/D3DRenderQueue done
Event: 1.794 Loading class sun/java2d/pipe/RenderBuffer

Classes unloaded (0 events):
No events

Classes redefined (0 events):
No events

Internal exceptions (20 events):
Event: 1.690 Thread 0x00000232937aff00 Exception <a 'java/lang/ClassNotFoundException'{0x0000000089582c10}: FormattedTextField> (0x0000000089582c10) 
thrown [s\open\src\hotspot\share\classfile\systemDictionary.cpp, line 327]
Event: 1.691 Thread 0x00000232937aff00 Exception <a 'java/lang/ClassNotFoundException'{0x00000000895830f0}: PasswordField> (0x00000000895830f0) 
thrown [s\open\src\hotspot\share\classfile\systemDictionary.cpp, line 327]
Event: 1.692 Thread 0x00000232937aff00 Exception <a 'java/lang/ClassNotFoundException'{0x0000000089583648}: TextArea> (0x0000000089583648) 
thrown [s\open\src\hotspot\share\classfile\systemDictionary.cpp, line 327]
Event: 1.694 Thread 0x00000232937aff00 Exception <a 'java/lang/ClassNotFoundException'{0x0000000089583f88}: TextPane> (0x0000000089583f88) 
thrown [s\open\src\hotspot\share\classfile\systemDictionary.cpp, line 327]
Event: 1.694 Thread 0x00000232937aff00 Exception <a 'java/lang/ClassNotFoundException'{0x00000000895843f0}: EditorPane> (0x00000000895843f0) 
thrown [s\open\src\hotspot\share\classfile\systemDictionary.cpp, line 327]
Event: 1.695 Thread 0x00000232937aff00 Exception <a 'java/lang/ClassNotFoundException'{0x0000000089584d50}: ToolBar> (0x0000000089584d50) 
thrown [s\open\src\hotspot\share\classfile\systemDictionary.cpp, line 327]
Event: 1.696 Thread 0x00000232937aff00 Exception <a 'java/lang/ClassNotFoundException'{0x0000000089585248}: ToolBar> (0x0000000089585248) 
thrown [s\open\src\hotspot\share\classfile\systemDictionary.cpp, line 327]
Event: 1.696 Thread 0x00000232937aff00 Exception <a 'java/lang/ClassNotFoundException'{0x00000000895855a8}: Button> (0x00000000895855a8) 
thrown [s\open\src\hotspot\share\classfile\systemDictionary.cpp, line 327]
Event: 1.696 Thread 0x00000232937aff00 Exception <a 'java/lang/ClassNotFoundException'{0x0000000089585a70}: ToolBar> (0x0000000089585a70) 
thrown [s\open\src\hotspot\share\classfile\systemDictionary.cpp, line 327]
Event: 1.696 Thread 0x00000232937aff00 Exception <a 'java/lang/ClassNotFoundException'{0x0000000089585de0}: ToggleButton> (0x0000000089585de0) 
thrown [s\open\src\hotspot\share\classfile\systemDictionary.cpp, line 327]
Event: 1.696 Thread 0x00000232937aff00 Exception <a 'java/lang/ClassNotFoundException'{0x0000000089586220}: javax/swing/JToolBarSeparator> (0x0000000089586220) 
thrown [s\open\src\hotspot\share\classfile\systemDictionary.cpp, line 327]
Event: 1.696 Thread 0x00000232937aff00 Exception <a 'java/lang/ClassNotFoundException'{0x0000000089586530}: ToolBarSeparator> (0x0000000089586530) 
thrown [s\open\src\hotspot\share\classfile\systemDictionary.cpp, line 327]
Event: 1.700 Thread 0x00000232937aff00 Exception <a 'java/lang/ClassNotFoundException'{0x0000000089586a48}: ToolTip> (0x0000000089586a48) 
thrown [s\open\src\hotspot\share\classfile\systemDictionary.cpp, line 327]
Event: 1.710 Thread 0x00000232937aff00 Exception <a 'java/lang/ClassNotFoundException'{0x0000000089587398}: Tree> (0x0000000089587398) 
thrown [s\open\src\hotspot\share\classfile\systemDictionary.cpp, line 327]
Event: 1.711 Thread 0x00000232937aff00 Exception <a 'java/lang/ClassNotFoundException'{0x0000000089587890}: Tree> (0x0000000089587890) 
thrown [s\open\src\hotspot\share\classfile\systemDictionary.cpp, line 327]
Event: 1.711 Thread 0x00000232937aff00 Exception <a 'java/lang/ClassNotFoundException'{0x0000000089587c00}: javax/swing/JTreeCell> (0x0000000089587c00) 
thrown [s\open\src\hotspot\share\classfile\systemDictionary.cpp, line 327]
Event: 1.711 Thread 0x00000232937aff00 Exception <a 'java/lang/ClassNotFoundException'{0x0000000089587f08}: TreeCell> (0x0000000089587f08) 
thrown [s\open\src\hotspot\share\classfile\systemDictionary.cpp, line 327]
Event: 1.714 Thread 0x00000232937aff00 Exception <a 'java/lang/ClassNotFoundException'{0x00000000895886a0}: RootPane> (0x00000000895886a0) 
thrown [s\open\src\hotspot\share\classfile\systemDictionary.cpp, line 327]
Event: 1.728 Thread 0x00000232937aff00 Exception <a 'java/lang/ClassNotFoundException'{0x000000008958b410}: com/sun/swing/internal/plaf/metal/resources/spi/metalProvider> (0x000000008958b410) 
thrown [s\open\src\hotspot\share\classfile\systemDictionary.cpp, line 327]
Event: 1.732 Thread 0x00000232937aff00 Exception <a 'java/lang/ClassNotFoundException'{0x000000008958ee40}: com/sun/swing/internal/plaf/basic/resources/spi/basicProvider> (0x000000008958ee40) 
thrown [s\open\src\hotspot\share\classfile\systemDictionary.cpp, line 327]

VM Operations (16 events):
Event: 0.186 Executing VM operation: HandshakeAllThreads (Deoptimize)
Event: 0.186 Executing VM operation: HandshakeAllThreads (Deoptimize) done
Event: 0.485 Executing VM operation: HandshakeAllThreads (Deoptimize)
Event: 0.485 Executing VM operation: HandshakeAllThreads (Deoptimize) done
Event: 1.002 Executing VM operation: HandshakeAllThreads (Deoptimize)
Event: 1.003 Executing VM operation: HandshakeAllThreads (Deoptimize) done
Event: 1.155 Executing VM operation: HandshakeAllThreads (Deoptimize)
Event: 1.155 Executing VM operation: HandshakeAllThreads (Deoptimize) done
Event: 1.267 Executing VM operation: HandshakeAllThreads (Deoptimize)
Event: 1.267 Executing VM operation: HandshakeAllThreads (Deoptimize) done
Event: 1.619 Executing VM operation: HandshakeAllThreads (Deoptimize)
Event: 1.621 Executing VM operation: HandshakeAllThreads (Deoptimize) done
Event: 1.658 Executing VM operation: G1CollectForAllocation (G1 Evacuation Pause)
Event: 1.674 Executing VM operation: G1CollectForAllocation (G1 Evacuation Pause) done
Event: 1.695 Executing VM operation: JFRSafepointClear
Event: 1.695 Executing VM operation: JFRSafepointClear done

Memory protections (0 events):
No events

Nmethod flushes (0 events):
No events

Events (20 events):
Event: 0.109 Thread 0x00000232937aff00 Thread added: 0x00000232b205cd90
Event: 0.109 Thread 0x00000232937aff00 Thread added: 0x00000232b2062d90
Event: 0.109 Thread 0x00000232937aff00 Thread added: 0x00000232b20638c0
Event: 0.109 Thread 0x00000232937aff00 Thread added: 0x00000232b2070750
Event: 0.110 Thread 0x00000232937aff00 Thread added: 0x00000232b209f300
Event: 0.284 Thread 0x00000232937aff00 Thread added: 0x00000232b22e06b0
Event: 0.355 Thread 0x00000232937aff00 Thread added: 0x00000232b22f1b40
Event: 0.355 Thread 0x00000232937aff00 Thread added: 0x00000232b22f2280
Event: 0.569 Thread 0x00000232937aff00 Thread added: 0x00000232b248a970
Event: 0.571 Thread 0x00000232937aff00 Thread added: 0x00000232b248b0b0
Event: 0.571 Thread 0x00000232937aff00 Thread added: 0x00000232b23186c0
Event: 0.909 Thread 0x00000232b209f300 Thread added: 0x00000232b2a8ed50
Event: 1.181 Thread 0x00000232b205cd90 Thread added: 0x00000232b2ad88c0
Event: 1.302 Thread 0x00000232b205cd90 Thread added: 0x00000232f9cf71a0
Event: 1.600 Thread 0x00000232b248b0b0 Thread exited: 0x00000232b248b0b0
Event: 1.611 Thread 0x00000232b205cd90 Thread added: 0x00000232fab0aad0
Event: 1.776 Thread 0x00000232937aff00 Thread added: 0x00000232f9c4c030
Event: 1.777 Thread 0x00000232937aff00 Thread added: 0x00000232f9c49ba0
Event: 1.778 Thread 0x00000232937aff00 Thread exited: 0x00000232937aff00
Event: 1.779 Thread 0x00000232f9c4aa40 Thread added: 0x00000232f9c4aa40


Dynamic libraries:
0x00007ff7de4e0000 - 0x00007ff7de4f0000 	C:\Program Files\Java\jdk-24\bin\java.exe
0x00007ff912f70000 - 0x00007ff913168000 	C:\Windows\SYSTEM32\ntdll.dll
0x00007ff911e10000 - 0x00007ff911ed2000 	C:\Windows\System32\KERNEL32.DLL
0x00007ff910a30000 - 0x00007ff910d26000 	C:\Windows\System32\KERNELBASE.dll
0x00007ff910610000 - 0x00007ff910710000 	C:\Windows\System32\ucrtbase.dll
0x00007ff904fa0000 - 0x00007ff904fbb000 	C:\Program Files\Java\jdk-24\bin\VCRUNTIME140.dll
0x00007ff901720000 - 0x00007ff901736000 	C:\Program Files\Java\jdk-24\bin\jli.dll
0x00007ff911600000 - 0x00007ff91179d000 	C:\Windows\System32\USER32.dll
0x00007ff910710000 - 0x00007ff910732000 	C:\Windows\System32\win32u.dll
0x00007ff911de0000 - 0x00007ff911e0b000 	C:\Windows\System32\GDI32.dll
0x00007ff910de0000 - 0x00007ff910efa000 	C:\Windows\System32\gdi32full.dll
0x00007ff910f00000 - 0x00007ff910f9d000 	C:\Windows\System32\msvcp_win.dll
0x00007ff8fe7b0000 - 0x00007ff8fea4a000 	C:\Windows\WinSxS\amd64_microsoft.windows.common-controls_6595b64144ccf1df_6.0.19041.5794_none_60bcd33171f2783c\COMCTL32.dll
0x00007ff911410000 - 0x00007ff9114ae000 	C:\Windows\System32\msvcrt.dll
0x00007ff9111b0000 - 0x00007ff9111df000 	C:\Windows\System32\IMM32.DLL
0x00007ff90bc70000 - 0x00007ff90bc7c000 	C:\Program Files\Java\jdk-24\bin\vcruntime140_1.dll
0x00007ff8e66f0000 - 0x00007ff8e677e000 	C:\Program Files\Java\jdk-24\bin\msvcp140.dll
0x00007ff8d1d20000 - 0x00007ff8d2ac2000 	C:\Program Files\Java\jdk-24\bin\server\jvm.dll
0x00007ff912950000 - 0x00007ff9129ff000 	C:\Windows\System32\ADVAPI32.dll
0x00007ff911370000 - 0x00007ff91140f000 	C:\Windows\System32\sechost.dll
0x00007ff911950000 - 0x00007ff911a73000 	C:\Windows\System32\RPCRT4.dll
0x00007ff910db0000 - 0x00007ff910dd7000 	C:\Windows\System32\bcrypt.dll
0x00007ff9114b0000 - 0x00007ff91151b000 	C:\Windows\System32\WS2_32.dll
0x00007ff90fb50000 - 0x00007ff90fb9b000 	C:\Windows\SYSTEM32\POWRPROF.dll
0x00007ff90b380000 - 0x00007ff90b3a7000 	C:\Windows\SYSTEM32\WINMM.dll
0x00007ff909550000 - 0x00007ff90955a000 	C:\Windows\SYSTEM32\VERSION.dll
0x00007ff90fa10000 - 0x00007ff90fa22000 	C:\Windows\SYSTEM32\UMPDC.dll
0x00007ff90ee30000 - 0x00007ff90ee42000 	C:\Windows\SYSTEM32\kernel.appcore.dll
0x00007ff908930000 - 0x00007ff90893a000 	C:\Program Files\Java\jdk-24\bin\jimage.dll
0x00007ff90e370000 - 0x00007ff90e571000 	C:\Windows\SYSTEM32\DBGHELP.DLL
0x00007ff908120000 - 0x00007ff908154000 	C:\Windows\SYSTEM32\dbgcore.DLL
0x00007ff9109a0000 - 0x00007ff910a22000 	C:\Windows\System32\bcryptPrimitives.dll
0x00007ff9064b0000 - 0x00007ff9064bf000 	C:\Program Files\Java\jdk-24\bin\instrument.dll
0x00007ff901700000 - 0x00007ff90171e000 	C:\Program Files\Java\jdk-24\bin\java.dll
0x00007ff9127c0000 - 0x00007ff9128eb000 	C:\Windows\System32\ole32.dll
0x00007ff911a80000 - 0x00007ff911dd3000 	C:\Windows\System32\combase.dll
0x00007ff911f70000 - 0x00007ff9126de000 	C:\Windows\System32\SHELL32.dll
0x00007ff90e670000 - 0x00007ff90ee13000 	C:\Windows\SYSTEM32\windows.storage.dll
0x00007ff910040000 - 0x00007ff91006b000 	C:\Windows\SYSTEM32\Wldp.dll
0x00007ff911880000 - 0x00007ff91194d000 	C:\Windows\System32\OLEAUT32.dll
0x00007ff911520000 - 0x00007ff9115cd000 	C:\Windows\System32\SHCORE.dll
0x00007ff910fa0000 - 0x00007ff910ff5000 	C:\Windows\System32\shlwapi.dll
0x00007ff910540000 - 0x00007ff910565000 	C:\Windows\SYSTEM32\profapi.dll
0x00007ff8e4950000 - 0x00007ff8e4a27000 	C:\Program Files\Java\jdk-24\bin\jsvml.dll
0x00007ff8f9880000 - 0x00007ff8f9897000 	C:\Program Files\Java\jdk-24\bin\zip.dll
0x00007ff904f90000 - 0x00007ff904fa0000 	C:\Program Files\Java\jdk-24\bin\net.dll
0x00007ff90fda0000 - 0x00007ff90fe0c000 	C:\Windows\system32\mswsock.dll
0x00007ff8f7370000 - 0x00007ff8f7386000 	C:\Program Files\Java\jdk-24\bin\nio.dll
0x00007ff903750000 - 0x00007ff903759000 	C:\Program Files\Java\jdk-24\bin\extnet.dll
0x00007ff8a4240000 - 0x00007ff8a43bf000 	C:\Program Files\Java\jdk-24\bin\awt.dll
0x00007ff90d340000 - 0x00007ff90d3d4000 	C:\Windows\SYSTEM32\apphelp.dll
0x00007ff90fa80000 - 0x00007ff90fb4a000 	C:\Windows\SYSTEM32\DNSAPI.dll
0x00007ff90fa30000 - 0x00007ff90fa6b000 	C:\Windows\SYSTEM32\IPHLPAPI.DLL
0x00007ff912a00000 - 0x00007ff912a08000 	C:\Windows\System32\NSI.dll
0x00007ff905560000 - 0x00007ff90556a000 	C:\Windows\System32\rasadhlp.dll
0x00007ff9055a0000 - 0x00007ff905620000 	C:\Windows\System32\fwpuclnt.dll
0x00007ff903090000 - 0x00007ff90309a000 	C:\Program Files\Java\jdk-24\bin\management.dll
0x00007ff90d820000 - 0x00007ff90d8be000 	C:\Windows\system32\uxtheme.dll
0x00007ff9016f0000 - 0x00007ff9016fb000 	C:\Program Files\Java\jdk-24\bin\management_ext.dll
0x00007ff911360000 - 0x00007ff911368000 	C:\Windows\System32\PSAPI.DLL
0x00007ff911240000 - 0x00007ff911355000 	C:\Windows\System32\MSCTF.dll
0x00007ff90ddd0000 - 0x00007ff90ddff000 	C:\Windows\system32\DWMAPI.DLL
0x00007ff90ffa0000 - 0x00007ff90ffb8000 	C:\Windows\SYSTEM32\CRYPTSP.dll
0x00007ff90f650000 - 0x00007ff90f688000 	C:\Windows\system32\rsaenh.dll
0x00007ff9104c0000 - 0x00007ff9104ee000 	C:\Windows\SYSTEM32\USERENV.dll
0x00007ff90ff90000 - 0x00007ff90ff9c000 	C:\Windows\SYSTEM32\CRYPTBASE.dll
0x00007ff8ef4d0000 - 0x00007ff8ef4e7000 	C:\Windows\system32\napinsp.dll
0x00007ff8ef4b0000 - 0x00007ff8ef4cb000 	C:\Windows\system32\pnrpnsp.dll
0x00007ff8ef490000 - 0x00007ff8ef4ad000 	C:\Windows\system32\wshbth.dll
0x00007ff909cc0000 - 0x00007ff909cdd000 	C:\Windows\system32\NLAapi.dll
0x00007ff8ef470000 - 0x00007ff8ef482000 	C:\Windows\System32\winrnr.dll
0x00007ff8e35a0000 - 0x00007ff8e3627000 	C:\Program Files\Java\jdk-24\bin\freetype.dll
0x00007ff8a9210000 - 0x00007ff8a92e7000 	C:\Program Files\Java\jdk-24\bin\fontmanager.dll
0x00007ff87b730000 - 0x00007ff87b928000 	C:\Users\Admin\AppData\Local\Temp\idea_libasyncProfiler_dll_temp_folder1\libasyncProfiler.dll
0x00007ff8eb200000 - 0x00007ff8eb328000 	C:\Windows\system32\opengl32.dll
0x00007ff902b10000 - 0x00007ff902b3c000 	C:\Windows\SYSTEM32\GLU32.dll
0x00007ff9003e0000 - 0x00007ff9003f0000 	C:\Program Files\Java\jdk-24\bin\verify.dll

JVMTI agents:
C:\Program Files\JetBrains\IntelliJ IDEA 2025.1.1.1\lib\idea_rt.jar path:C:\Program Files\Java\jdk-24\bin\instrument.dll, loaded, initialized, instrumentlib options:61146

dbghelp: loaded successfully - version: 4.0.5 - missing functions: none
symbol engine: initialized successfully - sym options: 0x614 - pdb path: .;C:\Program Files\Java\jdk-24\bin;C:\Windows\SYSTEM32;C:\Windows\WinSxS\amd64_microsoft.windows.common-controls_6595b64144ccf1df_6.0.19041.5794_none_60bcd33171f2783c;C:\Program Files\Java\jdk-24\bin\server;C:\Users\Admin\AppData\Local\Temp\idea_libasyncProfiler_dll_temp_folder1

VM Arguments:
jvm_args: -javaagent:C:\Program Files\JetBrains\IntelliJ IDEA 2025.1.1.1\lib\idea_rt.jar=61146 -Dfile.encoding=UTF-8 -Dsun.stdout.encoding=UTF-8 -Dsun.stderr.encoding=UTF-8 
java_command: main.Main
java_class_path (initial): C:\Users\Admin\Documents\BSIT 1-2N - Mercado\java-edurise\untitled1\out\production\edurise;C:\Users\Admin\Documents\BSIT 1-2N - Mercado\java-edurise\untitled1\TimingFramework-0.55.jar;C:\Users\Admin\Documents\BSIT 1-2N - Mercado\java-edurise\untitled1\miglayout-4.0.jar
Launcher Type: SUN_STANDARD

[Global flags]
     intx CICompilerCount                          = 3                                         {product} {ergonomic}
     uint ConcGCThreads                            = 1                                         {product} {ergonomic}
     bool FlightRecorder                           = true                                      {product} {management}
     uint G1ConcRefinementThreads                  = 4                                         {product} {ergonomic}
   size_t G1HeapRegionSize                         = 1048576                                   {product} {ergonomic}
   size_t InitialHeapSize                          = 134217728                                 {product} {ergonomic}
   size_t MarkStackSize                            = 4194304                                   {product} {ergonomic}
   size_t MarkStackSizeMax                         = 536870912                                 {product} {ergonomic}
   size_t MaxHeapSize                              = 2124414976                                {product} {ergonomic}
   size_t MaxNewSize                               = 1274019840                                {product} {ergonomic}
   size_t MinHeapDeltaBytes                        = 1048576                                   {product} {ergonomic}
   size_t MinHeapSize                              = 8388608                                   {product} {ergonomic}
    uintx NonNMethodCodeHeapSize                   = 5832704                                {pd product} {ergonomic}
    uintx NonProfiledCodeHeapSize                  = 122945536                              {pd product} {ergonomic}
    uintx ProfiledCodeHeapSize                     = 122880000                              {pd product} {ergonomic}
    uintx ReservedCodeCacheSize                    = 251658240                              {pd product} {ergonomic}
     bool SegmentedCodeCache                       = true                                      {product} {ergonomic}
   size_t SoftMaxHeapSize                          = 2124414976                             {manageable} {ergonomic}
     bool UseCompressedOops                        = true                           {product lp64_product} {ergonomic}
     bool UseG1GC                                  = true                                      {product} {ergonomic}
     bool UseLargePagesIndividualAllocation        = false                                  {pd product} {ergonomic}

Logging:
Log output configuration:
 #0: stdout all=warning uptime,level,tags foldmultilines=false
 #1: stderr all=off uptime,level,tags foldmultilines=false

Environment Variables:
PATH=c:\Users\Admin\AppData\Local\Programs\cursor\resources\app\bin;C:\Program Files\Common Files\Oracle\Java\javapath;C:\Windows\system32;C:\Windows;C:\Windows\System32\Wbem;C:\Windows\System32\WindowsPowerShell\v1.0\;C:\Windows\System32\OpenSSH\;C:\Program Files\Java\jdk-24\bin;C:\Users\Admin\AppData\Local\Microsoft\WindowsApps;C:\Users\Admin\AppData\Local\Programs\cursor\resources\app\bin;c:\Users\Admin\AppData\Local\Programs\cursor\resources\app\bin;C:\Users\Admin\AppData\Local\Microsoft\WindowsApps;C:\Users\Admin\AppData\Local\Programs\Microsoft VS Code\bin;C:\Users\Admin\AppData\Local\Programs\cursor\resources\app\bin;C:\Program Files\JetBrains\IntelliJ IDEA 2025.1.1.1\bin;;C:\Users\Admin\AppData\Local\GitHubDesktop\bin
USERNAME=Admin
OS=Windows_NT
PROCESSOR_IDENTIFIER=Intel64 Family 6 Model 142 Stepping 9, GenuineIntel
TMP=C:\Users\Admin\AppData\Local\Temp
TEMP=C:\Users\Admin\AppData\Local\Temp




Periodic native trim disabled

---------------  S Y S T E M  ---------------

OS:
 Windows 10 , 64 bit Build 19041 (10.0.19041.5794)
OS uptime: 12 days 13:00 hours

CPU: total 4 (initial active 4) (2 cores per cpu, 2 threads per core) family 6 model 142 stepping 9 microcode 0xb4, cx8, cmov, fxsr, ht, mmx, 3dnowpref, sse, sse2, sse3, ssse3, sse4.1, sse4.2, popcnt, lzcnt, tsc, tscinvbit, avx, avx2, aes, erms, clmul, bmi1, bmi2, adx, fma, vzeroupper, clflush, clflushopt, rdtscp, f16c
Processor Information for the first 4 processors :
  Max Mhz: 2304, Current Mhz: 2304, Mhz Limit: 2304

Memory: 4k page, system-wide physical 8097M (511M free)
TotalPageFile size 20085M (AvailPageFile size 6923M)
current process WorkingSet (physical memory assigned to process): 112M, peak: 112M
current process commit charge ("private bytes"): 265M, peak: 265M

vm_info: Java HotSpot(TM) 64-Bit Server VM (24.0.1+9-30) for windows-amd64 JRE (24.0.1+9-30), built on 2025-03-05T07:23:45Z with MS VC++ 17.6 (VS2022)

END.
