#
# A fatal error has been detected by the Java Runtime Environment:
#
#  EXCEPTION_ACCESS_VIOLATION (0xc0000005) at pc=0x00007ff87b7c26c4, pid=14364, tid=17844
#
# JRE version: Java(TM) SE Runtime Environment (24.0.1+9) (build 24.0.1+9-30)
# Java VM: Java HotSpot(TM) 64-Bit Server VM (24.0.1+9-30, mixed mode, sharing, tiered, compressed oops, compressed class ptrs, g1 gc, windows-amd64)
# Problematic frame:
# C  [libasyncProfiler.dll+0x926c4]
#
# No core dump will be written. Minidumps are not enabled by default on client versions of Windows
#
# JFR recording file will be written. Location: C:\Users\Admin\Documents\BSIT 1-2N - Mercado\java-edurise\untitled1\hs_err_pid14364.jfr
#
# If you would like to submit a bug report, please visit:
#   https://bugreport.java.com/bugreport/crash.jsp
# The crash happened outside the Java Virtual Machine in native code.
# See problematic frame for where to report the bug.
#

---------------  S U M M A R Y ------------

Command Line: -javaagent:C:\Program Files\JetBrains\IntelliJ IDEA 2025.1.1.1\lib\idea_rt.jar=61152 -Dfile.encoding=UTF-8 -Dsun.stdout.encoding=UTF-8 -Dsun.stderr.encoding=UTF-8 main.Main

Host: Intel(R) Core(TM) i3-7020U CPU @ 2.30GHz, 4 cores, 7G,  Windows 10 , 64 bit Build 19041 (10.0.19041.5794)
Time: Tue Jun  3 23:31:59 2025 China Standard Time elapsed time: 7.347218 seconds (0d 0h 0m 7s)

---------------  T H R E A D  ---------------

Current thread (0x000001641c55a860):  JavaThread "Attach Listener" daemon [_thread_in_native, id=17844, stack(0x0000004a75700000,0x0000004a75800000) (1024K)]

Stack: [0x0000004a75700000,0x0000004a75800000],  sp=0x0000004a757fee60,  free space=1019k
Native frames: (J=compiled Java code, j=interpreted, Vv=VM code, C=native code)
C  [libasyncProfiler.dll+0x926c4]  (no source info available)
C  [libasyncProfiler.dll+0x92b9b]  (no source info available)
C  [libasyncProfiler.dll+0x917f4]  (no source info available)
C  [libasyncProfiler.dll+0x9206a]  (no source info available)
C  [libasyncProfiler.dll+0x8cc21]  (no source info available)
C  [libasyncProfiler.dll+0x7e5e1]  (no source info available)
C  [libasyncProfiler.dll+0x7d2f8]  (no source info available)
C  [libasyncProfiler.dll+0x7d1e0]  (no source info available)
C  [libasyncProfiler.dll+0x841b9]  (no source info available)
V  [jvm.dll+0x57eff7]  (no source info available)
V  [jvm.dll+0x57fdac]  (no source info available)
V  [jvm.dll+0x14ca17]  (no source info available)
V  [jvm.dll+0x14dfe1]  (no source info available)
V  [jvm.dll+0x42f456]  (no source info available)
V  [jvm.dll+0x87d76b]  (no source info available)
V  [jvm.dll+0x72ee55]  (no source info available)
C  [ucrtbase.dll+0x21bb2]  (no source info available)
C  [KERNEL32.DLL+0x17374]  (no source info available)
C  [ntdll.dll+0x4cc91]  (no source info available)


siginfo: EXCEPTION_ACCESS_VIOLATION (0xc0000005), reading address 0xffffffffffffffff


Registers:
RAX=0x0000000000000010, RBX=0x0000000000000000, RCX=0xffffffffffffffff, RDX=0x007ff8d277301010
RSP=0x0000004a757fee60, RBP=0x0000016463e720c8, RSI=0x0000004a757fefd0, RDI=0x0000016463e720c8
R8 =0x0000000000000042, R9 =0x0000000087900000, R10=0x00007ff8d29e9fb0, R11=0x0000000000000004
R12=0x0000004a757fefd0, R13=0x00000164635db200, R14=0x000001641c55ac28, R15=0x000001641c55ac28
RIP=0x00007ff87b7c26c4, EFLAGS=0x0000000000010202

XMM[0]=0x0000000000000000 0x0000000000000000
XMM[1]=0x0000000000000000 0x0000000000000000
XMM[2]=0x0000000000000000 0x0000000000000000
XMM[3]=0x0000000000000000 0x0000000000000000
XMM[4]=0x0000000000000000 0x0000000000000000
XMM[5]=0x0000000000000000 0x0000000000000000
XMM[6]=0x0000000000000000 0x0000000000000000
XMM[7]=0x0000000000000000 0x0000000000000000
XMM[8]=0x0000000000000000 0x0000000000000000
XMM[9]=0x0000000000000000 0x0000000000000000
XMM[10]=0x0000000000000000 0x0000000000000000
XMM[11]=0x0000000000000000 0x0000000000000000
XMM[12]=0x0000000000000000 0x0000000000000000
XMM[13]=0x0000000000000000 0x0000000000000000
XMM[14]=0x0000000000000000 0x0000000000000000
XMM[15]=0x0000000000000000 0x0000000000000000
  MXCSR=0x00001fa0


Register to memory mapping:

RAX=0x0000000000000010 is an unknown value
RBX=0x0 is null
RCX=0xffffffffffffffff is an unknown value
RDX=0x007ff8d277301010 is an unknown value
RSP=0x0000004a757fee60 is pointing into the stack for thread: 0x000001641c55a860
RBP=0x0000016463e720c8 points into unknown readable memory: 0x0000000087900000 | 00 00 90 87 00 00 00 00
RSI=0x0000004a757fefd0 is pointing into the stack for thread: 0x000001641c55a860
RDI=0x0000016463e720c8 points into unknown readable memory: 0x0000000087900000 | 00 00 90 87 00 00 00 00
R8 =0x0000000000000042 is an unknown value
R9 =0x0000000087900000 is an oop: java.lang.ref.Reference$ReferenceHandler 
{0x0000000087900000} - klass: 'java/lang/ref/Reference$ReferenceHandler' - flags: 

 - ---- fields (total size 14 words):
 - 'threadLocalRandomProbe' 'I' @12  0 (0x00000000)
 - private volatile 'eetop' 'J' @16  1529483705936 (0x000001641c553e50)
 - private final 'tid' 'J' @24  13 (0x000000000000000d)
 - 'threadLocalRandomSeed' 'J' @32  0 (0x0000000000000000)
 - injected 'jvmti_thread_state' 'J' @40  1530675949216 (0x0000016463656ea0)
 - 'threadLocalRandomSecondarySeed' 'I' @48  0 (0x00000000)
 - injected 'jvmti_VTMS_transition_disable_count' 'I' @52  0 (0x00000000)
 - injected 'jfr_epoch' 'S' @56  0 (0x0000)
 - volatile 'interrupted' 'Z' @58  false (0x00)
 - injected 'jvmti_is_in_VTMS_transition' 'Z' @59  false (0x00)
 - private volatile 'name' 'Ljava/lang/String;' @60  "Reference Handler"{0x00000000ffe0a568} (0xffe0a568)
 - private volatile 'contextClassLoader' 'Ljava/lang/ClassLoader;' @64  null (0x00000000)
 - private final 'holder' 'Ljava/lang/Thread$FieldHolder;' @68  a 'java/lang/Thread$FieldHolder'{0x00000000818705e0} (0x818705e0)
 - 'threadLocals' 'Ljava/lang/ThreadLocal$ThreadLocalMap;' @72  null (0x00000000)
 - 'inheritableThreadLocals' 'Ljava/lang/ThreadLocal$ThreadLocalMap;' @76  null (0x00000000)
 - private 'scopedValueBindings' 'Ljava/lang/Object;' @80  a 'java/lang/Class'{0x00000000ffe7c890} = 'java/lang/Thread' (0xffe7c890)
 - final 'interruptLock' 'Ljava/lang/Object;' @84  a 'java/lang/Object'{0x0000000081873aa0} (0x81873aa0)
 - private volatile 'parkBlocker' 'Ljava/lang/Object;' @88  null (0x00000000)
 - private 'nioBlocker' 'Lsun/nio/ch/Interruptible;' @92  null (0x00000000)
 - private 'cont' 'Ljdk/internal/vm/Continuation;' @96  null (0x00000000)
 - private volatile 'uncaughtExceptionHandler' 'Ljava/lang/Thread$UncaughtExceptionHandler;' @100  null (0x00000000)
 - private 'container' 'Ljdk/internal/vm/ThreadContainer;' @104  null (0x00000000)
 - private volatile 'headStackableScopes' 'Ljdk/internal/vm/StackableScope;' @108  null (0x00000000)
R10=0x00007ff8d29e9fb0 jvm.dll
R11=0x0000000000000004 is an unknown value
R12=0x0000004a757fefd0 is pointing into the stack for thread: 0x000001641c55a860
R13=0x00000164635db200 points into unknown readable memory: 0x00007ff8d295a510 | 10 a5 95 d2 f8 7f 00 00
R14=0x000001641c55ac28 points into unknown readable memory: 0x00007ff8d29517b0 | b0 17 95 d2 f8 7f 00 00
R15=0x000001641c55ac28 points into unknown readable memory: 0x00007ff8d29517b0 | b0 17 95 d2 f8 7f 00 00

Top of Stack: (sp=0x0000004a757fee60)
0x0000004a757fee60:   0000004a757fefd0 0000016463e720c8   ...uJ.... .cd...
0x0000004a757fee70:   0000000000000000 000001641c55afb0   ..........U.d...
0x0000004a757fee80:   0000000000000029 00007ff87b7c2b9b   )........+|{....
0x0000004a757fee90:   0000000000000000 000001641c55ac28   ........(.U.d...
0x0000004a757feea0:   0000004a757fef01 0000000000000000   ...uJ...........
0x0000004a757feeb0:   0000016463bff720 00007ff87b7c17f4    ..cd.....|{....
0x0000004a757feec0:   0000000000000000 0000000000000029   ........).......
0x0000004a757feed0:   0000000000000000 0000000000000029   ........).......
0x0000004a757feee0:   0000001300000000 0000016463a28f10   ...........cd...
0x0000004a757feef0:   0000016463bff720 0000016463bff7c4    ..cd......cd...
0x0000004a757fef00:   0000016463bff7c8 00000000000016fc   ...cd...........
0x0000004a757fef10:   0000000000000000 0000000000000000   ................
0x0000004a757fef20:   0000000000000000 00007ff8d21b57d4   .........W......
0x0000004a757fef30:   00007ff87b904ca0 000000000000381c   .L.{.....8......
0x0000004a757fef40:   00007ff87b904ca0 00000000ffffffff   .L.{............
0x0000004a757fef50:   0000000000000000 00007ff87b7c206a   ........j |{....
0x0000004a757fef60:   000001641c55ac28 0000000000000000   (.U.d...........
0x0000004a757fef70:   0000004a757fefd9 00000164635db200   ...uJ.....]cd...
0x0000004a757fef80:   0000000000000003 0000000000000048   ........H.......
0x0000004a757fef90:   0000000800800310 0000000000000020   ........ .......
0x0000004a757fefa0:   000001641c55ac28 00007ff87b904ca0   (.U.d....L.{....
0x0000004a757fefb0:   000001641c55b6f0 0000016463656ea0   ..U.d....necd...
0x0000004a757fefc0:   0000000800800390 000001641c55ac28   ........(.U.d...
0x0000004a757fefd0:   0000016463b4cb90 0000016463b4d0b0   ...cd......cd...
0x0000004a757fefe0:   0000016463b4d0b0 00007ff87b904ca0   ...cd....L.{....
0x0000004a757feff0:   0000004a757ff168 000001647dae0000   h..uJ......}d...
0x0000004a757ff000:   0000004a757ff2a0 0000000000008840   ...uJ...@.......
0x0000004a757ff010:   0000004a757ff480 00007ff87b904cf0   ...uJ....L.{....
0x0000004a757ff020:   0000000000989680 0000000000989680   ................
0x0000004a757ff030:   0000004a757ff140 00007ff87b7bcc21   @..uJ...!.{{....
0x0000004a757ff040:   00007ff87b904ca0 00007ff87b904cf8   .L.{.....L.{....
0x0000004a757ff050:   00007ff800000000 00007ff800000001   ................

Instructions: (pc=0x00007ff87b7c26c4)
  0x00007ff87b7c25c4:   cc cc cc cc cc cc cc cc cc cc cc cc cc cc cc cc
  0x00007ff87b7c25d4:   cc cc cc cc cc cc cc cc cc cc cc cc cc cc cc cc
  0x00007ff87b7c25e4:   cc cc cc cc cc cc cc cc cc cc cc cc cc cc cc cc
  0x00007ff87b7c25f4:   cc cc cc cc cc cc cc cc cc cc cc cc cc cc cc cc
  0x00007ff87b7c2604:   cc cc cc cc cc cc cc cc cc cc cc cc cc cc cc cc
  0x00007ff87b7c2614:   cc cc cc cc cc cc cc cc cc cc cc cc cc cc cc cc
  0x00007ff87b7c2624:   cc cc cc cc cc cc cc cc cc cc cc cc cc cc cc cc
  0x00007ff87b7c2634:   cc cc cc cc cc cc cc cc cc cc cc cc cc cc cc cc
  0x00007ff87b7c2644:   cc cc cc cc cc cc cc cc cc cc cc cc 40 57 48 83
  0x00007ff87b7c2654:   ec 20 48 8b f9 48 8b 0d 10 28 14 00 48 85 c9 74
  0x00007ff87b7c2664:   20 48 8b 01 48 8d 54 24 38 41 b8 06 00 01 00 4c
  0x00007ff87b7c2674:   8b 48 30 41 ff d1 85 c0 75 07 48 8b 4c 24 38 eb
  0x00007ff87b7c2684:   02 33 c9 4c 8b 05 ea 28 14 00 48 89 5c 24 30 4d
  0x00007ff87b7c2694:   85 c0 74 4a 48 8b 01 48 8b d7 4c 8b 88 28 03 00
  0x00007ff87b7c26a4:   00 41 ff d1 48 85 c0 74 35 48 63 0d f8 e6 13 00
  0x00007ff87b7c26b4:   48 8b 14 01 48 85 d2 74 15 48 63 05 fc e6 13 00
=>0x00007ff87b7c26c4:   8b 04 10 48 8b 5c 24 30 48 83 c4 20 5f c3 b8 ff
  0x00007ff87b7c26d4:   ff ff ff 48 8b 5c 24 30 48 83 c4 20 5f c3 80 3d
  0x00007ff87b7c26e4:   9b 27 14 00 00 bb ff ff ff ff 74 20 4c 8b 0d 31
  0x00007ff87b7c26f4:   24 14 00 4c 8d 44 24 38 48 8b 0d 15 24 14 00 48
  0x00007ff87b7c2704:   8b d7 41 ff d1 85 c0 0f 44 5c 24 38 8b c3 48 8b
  0x00007ff87b7c2714:   5c 24 30 48 83 c4 20 5f c3 cc cc cc cc cc cc cc
  0x00007ff87b7c2724:   cc cc cc cc cc cc cc cc cc cc cc cc cc cc cc cc
  0x00007ff87b7c2734:   cc cc cc cc cc cc cc cc cc cc cc cc cc cc cc cc
  0x00007ff87b7c2744:   cc cc cc cc cc cc cc cc cc cc cc cc 48 89 54 24
  0x00007ff87b7c2754:   10 53 55 56 57 41 56 41 57 48 83 ec 28 48 8b f2
  0x00007ff87b7c2764:   4c 8b f1 48 89 4c 24 78 45 33 ff 44 89 7c 24 68
  0x00007ff87b7c2774:   c7 44 24 60 01 00 00 00 48 8d 4c 24 68 e8 ed 42
  0x00007ff87b7c2784:   f7 ff 8b d8 48 8d 4c 24 60 e8 e1 42 f7 ff 8b e8
  0x00007ff87b7c2794:   49 8b ce e8 00 fc f6 ff 48 8b f8 90 8b c3 f0 0f
  0x00007ff87b7c27a4:   b1 2f 74 04 f3 90 eb f4 4c 89 3e 4c 89 7e 08 4c
  0x00007ff87b7c27b4:   89 7e 10 49 8b 6e 08 4d 8b 76 10 49 3b ee 0f 84


Stack slot to memory mapping:

stack at sp + 0 slots: 0x0000004a757fefd0 is pointing into the stack for thread: 0x000001641c55a860
stack at sp + 1 slots: 0x0000016463e720c8 points into unknown readable memory: 0x0000000087900000 | 00 00 90 87 00 00 00 00
stack at sp + 2 slots: 0x0 is null
stack at sp + 3 slots: 0x000001641c55afb0 points into unknown readable memory: 0x6e616c2e6176616a | 6a 61 76 61 2e 6c 61 6e
stack at sp + 4 slots: 0x0000000000000029 is an unknown value
stack at sp + 5 slots: 0x00007ff87b7c2b9b libasyncProfiler.dll
stack at sp + 6 slots: 0x0 is null
stack at sp + 7 slots: 0x000001641c55ac28 points into unknown readable memory: 0x00007ff8d29517b0 | b0 17 95 d2 f8 7f 00 00

Lock stack of current Java thread (top to bottom):


---------------  P R O C E S S  ---------------

Threads class SMR info:
_java_thread_list=0x0000016462081740, length=24, elements={
0x000001641c553e50, 0x000001641c555c10, 0x000001641c5599e0, 0x000001641c55a860,
0x000001641c55c3a0, 0x000001641c564ee0, 0x000001641c589d70, 0x000001641c58e910,
0x000001641c793940, 0x000001641c789a40, 0x000001641c78a180, 0x00000164622d5000,
0x0000016462047ff0, 0x000001646204c740, 0x0000016462470320, 0x000001641c7a67e0,
0x0000016462632f20, 0x000001646262f6d0, 0x0000016462645050, 0x00000164625f00a0,
0x00000164625ef200, 0x00000164625eeab0, 0x0000016463e47b80, 0x00000164620977b0
}

Java Threads: ( => current thread )
  0x000001641c553e50 JavaThread "Reference Handler"          daemon [_thread_blocked, id=936, stack(0x0000004a75400000,0x0000004a75500000) (1024K)]
  0x000001641c555c10 JavaThread "Finalizer"                  daemon [_thread_blocked, id=6980, stack(0x0000004a75500000,0x0000004a75600000) (1024K)]
  0x000001641c5599e0 JavaThread "Signal Dispatcher"          daemon [_thread_blocked, id=22748, stack(0x0000004a75600000,0x0000004a75700000) (1024K)]
=>0x000001641c55a860 JavaThread "Attach Listener"            daemon [_thread_in_native, id=17844, stack(0x0000004a75700000,0x0000004a75800000) (1024K)]
  0x000001641c55c3a0 JavaThread "Service Thread"             daemon [_thread_blocked, id=2248, stack(0x0000004a75800000,0x0000004a75900000) (1024K)]
  0x000001641c564ee0 JavaThread "Monitor Deflation Thread"   daemon [_thread_blocked, id=4800, stack(0x0000004a75900000,0x0000004a75a00000) (1024K)]
  0x000001641c589d70 JavaThread "C2 CompilerThread0"         daemon [_thread_blocked, id=20912, stack(0x0000004a75a00000,0x0000004a75b00000) (1024K)]
  0x000001641c58e910 JavaThread "C1 CompilerThread0"         daemon [_thread_blocked, id=10492, stack(0x0000004a75b00000,0x0000004a75c00000) (1024K)]
  0x000001641c793940 JavaThread "Common-Cleaner"             daemon [_thread_blocked, id=21424, stack(0x0000004a75c00000,0x0000004a75d00000) (1024K)]
  0x000001641c789a40 JavaThread "Monitor Ctrl-Break"         daemon [_thread_in_native, id=128, stack(0x0000004a75d00000,0x0000004a75e00000) (1024K)]
  0x000001641c78a180 JavaThread "Notification Thread"        daemon [_thread_blocked, id=244, stack(0x0000004a75e00000,0x0000004a75f00000) (1024K)]
  0x00000164622d5000 JavaThread "Java2D Disposer"            daemon [_thread_blocked, id=24080, stack(0x0000004a75f00000,0x0000004a76000000) (1024K)]
  0x0000016462047ff0 JavaThread "AWT-Shutdown"                      [_thread_blocked, id=9032, stack(0x0000004a76000000,0x0000004a76100000) (1024K)]
  0x000001646204c740 JavaThread "AWT-Windows"                daemon [_thread_in_native, id=7060, stack(0x0000004a76100000,0x0000004a76200000) (1024K)]
  0x0000016462470320 JavaThread "AWT-EventQueue-0"                  [_thread_blocked, id=19836, stack(0x0000004a76300000,0x0000004a76400000) (1024K)]
  0x000001641c7a67e0 JavaThread "DestroyJavaVM"                     [_thread_blocked, id=6852, stack(0x0000004a74b00000,0x0000004a74c00000) (1024K)]
  0x0000016462632f20 JavaThread "RMI TCP Accept-0"           daemon [_thread_in_native, id=19820, stack(0x0000004a76400000,0x0000004a76500000) (1024K)]
  0x000001646262f6d0 JavaThread "RMI TCP Connection(1)-192.168.100.55" daemon [_thread_in_native, id=21132, stack(0x0000004a76500000,0x0000004a76600000) (1024K)]
  0x0000016462645050 JavaThread "RMI Scheduler(0)"           daemon [_thread_blocked, id=13984, stack(0x0000004a76600000,0x0000004a76700000) (1024K)]
  0x00000164625f00a0 JavaThread "JMX server connection timeout 37" daemon [_thread_blocked, id=10612, stack(0x0000004a76700000,0x0000004a76800000) (1024K)]
  0x00000164625ef200 JavaThread "TimerQueue"                 daemon [_thread_blocked, id=1932, stack(0x0000004a76f00000,0x0000004a77000000) (1024K)]
  0x00000164625eeab0 JavaThread "JFR Recorder Thread"        daemon [_thread_in_native, id=18648, stack(0x0000004a76200000,0x0000004a76300000) (1024K)]
  0x0000016463e47b80 JavaThread "C2 CompilerThread1"         daemon [_thread_blocked, id=2364, stack(0x0000004a76800000,0x0000004a76900000) (1024K)]
  0x00000164620977b0 JavaThread "JFR Periodic Tasks"         daemon [_thread_blocked, id=5884, stack(0x0000004a77000000,0x0000004a77100000) (1024K)]
Total: 24

Other Threads:
  0x000001641c5405e0 VMThread "VM Thread"                           [id=15228, stack(0x0000004a75300000,0x0000004a75400000) (1024K)]
  0x000001641c534150 WatcherThread "VM Periodic Task Thread"        [id=1960, stack(0x0000004a75200000,0x0000004a75300000) (1024K)]
  0x000001647fe9aee0 WorkerThread "GC Thread#0"                     [id=10912, stack(0x0000004a74d00000,0x0000004a74e00000) (1024K)]
  0x0000016463884140 WorkerThread "GC Thread#1"                     [id=21816, stack(0x0000004a76c00000,0x0000004a76d00000) (1024K)]
  0x00000164627dd2b0 WorkerThread "GC Thread#2"                     [id=17440, stack(0x0000004a76d00000,0x0000004a76e00000) (1024K)]
  0x0000016463a2e730 WorkerThread "GC Thread#3"                     [id=5820, stack(0x0000004a76e00000,0x0000004a76f00000) (1024K)]
  0x000001647dbde690 ConcurrentGCThread "G1 Main Marker"            [id=11348, stack(0x0000004a74e00000,0x0000004a74f00000) (1024K)]
  0x000001647feac040 WorkerThread "G1 Conc#0"                       [id=22016, stack(0x0000004a74f00000,0x0000004a75000000) (1024K)]
  0x000001647ff0e6b0 ConcurrentGCThread "G1 Refine#0"               [id=15948, stack(0x0000004a75000000,0x0000004a75100000) (1024K)]
  0x000001641c409760 ConcurrentGCThread "G1 Service"                [id=6184, stack(0x0000004a75100000,0x0000004a75200000) (1024K)]
Total: 10

Threads with active compile tasks:
Total: 0

VM state: not at safepoint (normal execution)

VM Mutex/Monitor currently owned by a thread: None

Heap address: 0x0000000081600000, size: 2026 MB, Compressed Oops mode: 32-bit

CDS archive(s) mapped at: [0x000001641d000000-0x000001641dd40000-0x000001641dd40000), size 13893632, SharedBaseAddress: 0x000001641d000000, ArchiveRelocationMode: 1.
Compressed class space mapped at: 0x000001641e000000-0x000001645e000000, reserved size: 1073741824
UseCompressedClassPointers 1, UseCompactObjectHeaders 0
Narrow klass pointer bits 32, Max shift 3
Narrow klass base: 0x000001641d000000, Narrow klass shift: 0
Encoding Range: [0x000001641d000000 - 0x000001651d000000), (4294967296 bytes)
Klass Range:    [0x000001641d000000 - 0x000001645e000000), (1090519040 bytes)
Klass ID Range:  [8 - 1090519033) (1090519025)

GC Precious Log:
 CardTable entry size: 512
 Card Set container configuration: InlinePtr #cards 5 size 8 Array Of Cards #cards 10 size 36 Howl #buckets 4 coarsen threshold 1843 Howl Bitmap #cards 512 size 80 coarsen threshold 460 Card regions per heap region 1 cards per card region 2048
 CPUs: 4 total, 4 available
 Memory: 8097M
 Large Page Support: Disabled
 NUMA Support: Disabled
 Compressed Oops: Enabled (32-bit)
 Heap Region Size: 1M
 Heap Min Capacity: 8M
 Heap Initial Capacity: 128M
 Heap Max Capacity: 2026M
 Pre-touch: Disabled
 Parallel Workers: 4
 Concurrent Workers: 1
 Concurrent Refinement Workers: 4
 Periodic GC: Disabled

Heap:
 garbage-first heap   total reserved 2074624K, committed 133120K, used 20046K [0x0000000081600000, 0x0000000100000000)
  region size 1024K, 17 young (17408K), 4 survivors (4096K)
 Metaspace       used 18049K, committed 18304K, reserved 1114112K
  class space    used 1747K, committed 1856K, reserved 1048576K

Heap Regions: E=young(eden), S=young(survivor), O=old, HS=humongous(starts), HC=humongous(continues), CS=collection set, F=free, TAMS=top-at-mark-start, PB=parsable bottom
|   0|0x0000000081600000, 0x0000000081700000, 0x0000000081700000|100%|HS|  |TAMS 0x0000000081600000| PB 0x0000000081600000| Complete |  0
|   1|0x0000000081700000, 0x0000000081800000, 0x0000000081800000|100%|HC|  |TAMS 0x0000000081700000| PB 0x0000000081700000| Complete |  0
|   2|0x0000000081800000, 0x0000000081876770, 0x0000000081900000| 46%| O|  |TAMS 0x0000000081800000| PB 0x0000000081800000| Untracked |  0
|   3|0x0000000081900000, 0x0000000081900000, 0x0000000081a00000|  0%| F|  |TAMS 0x0000000081900000| PB 0x0000000081900000| Untracked |  0
|   4|0x0000000081a00000, 0x0000000081a00000, 0x0000000081b00000|  0%| F|  |TAMS 0x0000000081a00000| PB 0x0000000081a00000| Untracked |  0
|   5|0x0000000081b00000, 0x0000000081b00000, 0x0000000081c00000|  0%| F|  |TAMS 0x0000000081b00000| PB 0x0000000081b00000| Untracked |  0
|   6|0x0000000081c00000, 0x0000000081c00000, 0x0000000081d00000|  0%| F|  |TAMS 0x0000000081c00000| PB 0x0000000081c00000| Untracked |  0
|   7|0x0000000081d00000, 0x0000000081d00000, 0x0000000081e00000|  0%| F|  |TAMS 0x0000000081d00000| PB 0x0000000081d00000| Untracked |  0
|   8|0x0000000081e00000, 0x0000000081e00000, 0x0000000081f00000|  0%| F|  |TAMS 0x0000000081e00000| PB 0x0000000081e00000| Untracked |  0
|   9|0x0000000081f00000, 0x0000000081f00000, 0x0000000082000000|  0%| F|  |TAMS 0x0000000081f00000| PB 0x0000000081f00000| Untracked |  0
|  10|0x0000000082000000, 0x0000000082000000, 0x0000000082100000|  0%| F|  |TAMS 0x0000000082000000| PB 0x0000000082000000| Untracked |  0
|  11|0x0000000082100000, 0x0000000082100000, 0x0000000082200000|  0%| F|  |TAMS 0x0000000082100000| PB 0x0000000082100000| Untracked |  0
|  12|0x0000000082200000, 0x0000000082200000, 0x0000000082300000|  0%| F|  |TAMS 0x0000000082200000| PB 0x0000000082200000| Untracked |  0
|  13|0x0000000082300000, 0x0000000082300000, 0x0000000082400000|  0%| F|  |TAMS 0x0000000082300000| PB 0x0000000082300000| Untracked |  0
|  14|0x0000000082400000, 0x0000000082400000, 0x0000000082500000|  0%| F|  |TAMS 0x0000000082400000| PB 0x0000000082400000| Untracked |  0
|  15|0x0000000082500000, 0x0000000082500000, 0x0000000082600000|  0%| F|  |TAMS 0x0000000082500000| PB 0x0000000082500000| Untracked |  0
|  16|0x0000000082600000, 0x0000000082600000, 0x0000000082700000|  0%| F|  |TAMS 0x0000000082600000| PB 0x0000000082600000| Untracked |  0
|  17|0x0000000082700000, 0x0000000082700000, 0x0000000082800000|  0%| F|  |TAMS 0x0000000082700000| PB 0x0000000082700000| Untracked |  0
|  18|0x0000000082800000, 0x0000000082800000, 0x0000000082900000|  0%| F|  |TAMS 0x0000000082800000| PB 0x0000000082800000| Untracked |  0
|  19|0x0000000082900000, 0x0000000082900000, 0x0000000082a00000|  0%| F|  |TAMS 0x0000000082900000| PB 0x0000000082900000| Untracked |  0
|  20|0x0000000082a00000, 0x0000000082a00000, 0x0000000082b00000|  0%| F|  |TAMS 0x0000000082a00000| PB 0x0000000082a00000| Untracked |  0
|  21|0x0000000082b00000, 0x0000000082b00000, 0x0000000082c00000|  0%| F|  |TAMS 0x0000000082b00000| PB 0x0000000082b00000| Untracked |  0
|  22|0x0000000082c00000, 0x0000000082c00000, 0x0000000082d00000|  0%| F|  |TAMS 0x0000000082c00000| PB 0x0000000082c00000| Untracked |  0
|  23|0x0000000082d00000, 0x0000000082d00000, 0x0000000082e00000|  0%| F|  |TAMS 0x0000000082d00000| PB 0x0000000082d00000| Untracked |  0
|  24|0x0000000082e00000, 0x0000000082e00000, 0x0000000082f00000|  0%| F|  |TAMS 0x0000000082e00000| PB 0x0000000082e00000| Untracked |  0
|  25|0x0000000082f00000, 0x0000000082f00000, 0x0000000083000000|  0%| F|  |TAMS 0x0000000082f00000| PB 0x0000000082f00000| Untracked |  0
|  26|0x0000000083000000, 0x0000000083000000, 0x0000000083100000|  0%| F|  |TAMS 0x0000000083000000| PB 0x0000000083000000| Untracked |  0
|  27|0x0000000083100000, 0x0000000083100000, 0x0000000083200000|  0%| F|  |TAMS 0x0000000083100000| PB 0x0000000083100000| Untracked |  0
|  28|0x0000000083200000, 0x0000000083200000, 0x0000000083300000|  0%| F|  |TAMS 0x0000000083200000| PB 0x0000000083200000| Untracked |  0
|  29|0x0000000083300000, 0x0000000083300000, 0x0000000083400000|  0%| F|  |TAMS 0x0000000083300000| PB 0x0000000083300000| Untracked |  0
|  30|0x0000000083400000, 0x0000000083400000, 0x0000000083500000|  0%| F|  |TAMS 0x0000000083400000| PB 0x0000000083400000| Untracked |  0
|  31|0x0000000083500000, 0x0000000083500000, 0x0000000083600000|  0%| F|  |TAMS 0x0000000083500000| PB 0x0000000083500000| Untracked |  0
|  32|0x0000000083600000, 0x0000000083600000, 0x0000000083700000|  0%| F|  |TAMS 0x0000000083600000| PB 0x0000000083600000| Untracked |  0
|  33|0x0000000083700000, 0x0000000083700000, 0x0000000083800000|  0%| F|  |TAMS 0x0000000083700000| PB 0x0000000083700000| Untracked |  0
|  34|0x0000000083800000, 0x0000000083800000, 0x0000000083900000|  0%| F|  |TAMS 0x0000000083800000| PB 0x0000000083800000| Untracked |  0
|  35|0x0000000083900000, 0x0000000083900000, 0x0000000083a00000|  0%| F|  |TAMS 0x0000000083900000| PB 0x0000000083900000| Untracked |  0
|  36|0x0000000083a00000, 0x0000000083a00000, 0x0000000083b00000|  0%| F|  |TAMS 0x0000000083a00000| PB 0x0000000083a00000| Untracked |  0
|  37|0x0000000083b00000, 0x0000000083b00000, 0x0000000083c00000|  0%| F|  |TAMS 0x0000000083b00000| PB 0x0000000083b00000| Untracked |  0
|  38|0x0000000083c00000, 0x0000000083c00000, 0x0000000083d00000|  0%| F|  |TAMS 0x0000000083c00000| PB 0x0000000083c00000| Untracked |  0
|  39|0x0000000083d00000, 0x0000000083d00000, 0x0000000083e00000|  0%| F|  |TAMS 0x0000000083d00000| PB 0x0000000083d00000| Untracked |  0
|  40|0x0000000083e00000, 0x0000000083e00000, 0x0000000083f00000|  0%| F|  |TAMS 0x0000000083e00000| PB 0x0000000083e00000| Untracked |  0
|  41|0x0000000083f00000, 0x0000000083f00000, 0x0000000084000000|  0%| F|  |TAMS 0x0000000083f00000| PB 0x0000000083f00000| Untracked |  0
|  42|0x0000000084000000, 0x0000000084000000, 0x0000000084100000|  0%| F|  |TAMS 0x0000000084000000| PB 0x0000000084000000| Untracked |  0
|  43|0x0000000084100000, 0x0000000084100000, 0x0000000084200000|  0%| F|  |TAMS 0x0000000084100000| PB 0x0000000084100000| Untracked |  0
|  44|0x0000000084200000, 0x0000000084200000, 0x0000000084300000|  0%| F|  |TAMS 0x0000000084200000| PB 0x0000000084200000| Untracked |  0
|  45|0x0000000084300000, 0x0000000084300000, 0x0000000084400000|  0%| F|  |TAMS 0x0000000084300000| PB 0x0000000084300000| Untracked |  0
|  46|0x0000000084400000, 0x0000000084400000, 0x0000000084500000|  0%| F|  |TAMS 0x0000000084400000| PB 0x0000000084400000| Untracked |  0
|  47|0x0000000084500000, 0x0000000084500000, 0x0000000084600000|  0%| F|  |TAMS 0x0000000084500000| PB 0x0000000084500000| Untracked |  0
|  48|0x0000000084600000, 0x0000000084600000, 0x0000000084700000|  0%| F|  |TAMS 0x0000000084600000| PB 0x0000000084600000| Untracked |  0
|  49|0x0000000084700000, 0x0000000084700000, 0x0000000084800000|  0%| F|  |TAMS 0x0000000084700000| PB 0x0000000084700000| Untracked |  0
|  50|0x0000000084800000, 0x0000000084800000, 0x0000000084900000|  0%| F|  |TAMS 0x0000000084800000| PB 0x0000000084800000| Untracked |  0
|  51|0x0000000084900000, 0x0000000084900000, 0x0000000084a00000|  0%| F|  |TAMS 0x0000000084900000| PB 0x0000000084900000| Untracked |  0
|  52|0x0000000084a00000, 0x0000000084a00000, 0x0000000084b00000|  0%| F|  |TAMS 0x0000000084a00000| PB 0x0000000084a00000| Untracked |  0
|  53|0x0000000084b00000, 0x0000000084b00000, 0x0000000084c00000|  0%| F|  |TAMS 0x0000000084b00000| PB 0x0000000084b00000| Untracked |  0
|  54|0x0000000084c00000, 0x0000000084c00000, 0x0000000084d00000|  0%| F|  |TAMS 0x0000000084c00000| PB 0x0000000084c00000| Untracked |  0
|  55|0x0000000084d00000, 0x0000000084d00000, 0x0000000084e00000|  0%| F|  |TAMS 0x0000000084d00000| PB 0x0000000084d00000| Untracked |  0
|  56|0x0000000084e00000, 0x0000000084e00000, 0x0000000084f00000|  0%| F|  |TAMS 0x0000000084e00000| PB 0x0000000084e00000| Untracked |  0
|  57|0x0000000084f00000, 0x0000000084f00000, 0x0000000085000000|  0%| F|  |TAMS 0x0000000084f00000| PB 0x0000000084f00000| Untracked |  0
|  58|0x0000000085000000, 0x0000000085000000, 0x0000000085100000|  0%| F|  |TAMS 0x0000000085000000| PB 0x0000000085000000| Untracked |  0
|  59|0x0000000085100000, 0x0000000085100000, 0x0000000085200000|  0%| F|  |TAMS 0x0000000085100000| PB 0x0000000085100000| Untracked |  0
|  60|0x0000000085200000, 0x0000000085200000, 0x0000000085300000|  0%| F|  |TAMS 0x0000000085200000| PB 0x0000000085200000| Untracked |  0
|  61|0x0000000085300000, 0x0000000085300000, 0x0000000085400000|  0%| F|  |TAMS 0x0000000085300000| PB 0x0000000085300000| Untracked |  0
|  62|0x0000000085400000, 0x0000000085400000, 0x0000000085500000|  0%| F|  |TAMS 0x0000000085400000| PB 0x0000000085400000| Untracked |  0
|  63|0x0000000085500000, 0x0000000085500000, 0x0000000085600000|  0%| F|  |TAMS 0x0000000085500000| PB 0x0000000085500000| Untracked |  0
|  64|0x0000000085600000, 0x0000000085600000, 0x0000000085700000|  0%| F|  |TAMS 0x0000000085600000| PB 0x0000000085600000| Untracked |  0
|  65|0x0000000085700000, 0x0000000085700000, 0x0000000085800000|  0%| F|  |TAMS 0x0000000085700000| PB 0x0000000085700000| Untracked |  0
|  66|0x0000000085800000, 0x0000000085800000, 0x0000000085900000|  0%| F|  |TAMS 0x0000000085800000| PB 0x0000000085800000| Untracked |  0
|  67|0x0000000085900000, 0x0000000085900000, 0x0000000085a00000|  0%| F|  |TAMS 0x0000000085900000| PB 0x0000000085900000| Untracked |  0
|  68|0x0000000085a00000, 0x0000000085a00000, 0x0000000085b00000|  0%| F|  |TAMS 0x0000000085a00000| PB 0x0000000085a00000| Untracked |  0
|  69|0x0000000085b00000, 0x0000000085b00000, 0x0000000085c00000|  0%| F|  |TAMS 0x0000000085b00000| PB 0x0000000085b00000| Untracked |  0
|  70|0x0000000085c00000, 0x0000000085c00000, 0x0000000085d00000|  0%| F|  |TAMS 0x0000000085c00000| PB 0x0000000085c00000| Untracked |  0
|  71|0x0000000085d00000, 0x0000000085d00000, 0x0000000085e00000|  0%| F|  |TAMS 0x0000000085d00000| PB 0x0000000085d00000| Untracked |  0
|  72|0x0000000085e00000, 0x0000000085e00000, 0x0000000085f00000|  0%| F|  |TAMS 0x0000000085e00000| PB 0x0000000085e00000| Untracked |  0
|  73|0x0000000085f00000, 0x0000000085f00000, 0x0000000086000000|  0%| F|  |TAMS 0x0000000085f00000| PB 0x0000000085f00000| Untracked |  0
|  74|0x0000000086000000, 0x0000000086000000, 0x0000000086100000|  0%| F|  |TAMS 0x0000000086000000| PB 0x0000000086000000| Untracked |  0
|  75|0x0000000086100000, 0x0000000086100000, 0x0000000086200000|  0%| F|  |TAMS 0x0000000086100000| PB 0x0000000086100000| Untracked |  0
|  76|0x0000000086200000, 0x0000000086200000, 0x0000000086300000|  0%| F|  |TAMS 0x0000000086200000| PB 0x0000000086200000| Untracked |  0
|  77|0x0000000086300000, 0x0000000086300000, 0x0000000086400000|  0%| F|  |TAMS 0x0000000086300000| PB 0x0000000086300000| Untracked |  0
|  78|0x0000000086400000, 0x0000000086400000, 0x0000000086500000|  0%| F|  |TAMS 0x0000000086400000| PB 0x0000000086400000| Untracked |  0
|  79|0x0000000086500000, 0x0000000086500000, 0x0000000086600000|  0%| F|  |TAMS 0x0000000086500000| PB 0x0000000086500000| Untracked |  0
|  80|0x0000000086600000, 0x0000000086600000, 0x0000000086700000|  0%| F|  |TAMS 0x0000000086600000| PB 0x0000000086600000| Untracked |  0
|  81|0x0000000086700000, 0x0000000086700000, 0x0000000086800000|  0%| F|  |TAMS 0x0000000086700000| PB 0x0000000086700000| Untracked |  0
|  82|0x0000000086800000, 0x0000000086800000, 0x0000000086900000|  0%| F|  |TAMS 0x0000000086800000| PB 0x0000000086800000| Untracked |  0
|  83|0x0000000086900000, 0x0000000086900000, 0x0000000086a00000|  0%| F|  |TAMS 0x0000000086900000| PB 0x0000000086900000| Untracked |  0
|  84|0x0000000086a00000, 0x0000000086a00000, 0x0000000086b00000|  0%| F|  |TAMS 0x0000000086a00000| PB 0x0000000086a00000| Untracked |  0
|  85|0x0000000086b00000, 0x0000000086b00000, 0x0000000086c00000|  0%| F|  |TAMS 0x0000000086b00000| PB 0x0000000086b00000| Untracked |  0
|  86|0x0000000086c00000, 0x0000000086c00000, 0x0000000086d00000|  0%| F|  |TAMS 0x0000000086c00000| PB 0x0000000086c00000| Untracked |  0
|  87|0x0000000086d00000, 0x0000000086d00000, 0x0000000086e00000|  0%| F|  |TAMS 0x0000000086d00000| PB 0x0000000086d00000| Untracked |  0
|  88|0x0000000086e00000, 0x0000000086e00000, 0x0000000086f00000|  0%| F|  |TAMS 0x0000000086e00000| PB 0x0000000086e00000| Untracked |  0
|  89|0x0000000086f00000, 0x0000000086f00000, 0x0000000087000000|  0%| F|  |TAMS 0x0000000086f00000| PB 0x0000000086f00000| Untracked |  0
|  90|0x0000000087000000, 0x0000000087000000, 0x0000000087100000|  0%| F|  |TAMS 0x0000000087000000| PB 0x0000000087000000| Untracked |  0
|  91|0x0000000087100000, 0x0000000087100000, 0x0000000087200000|  0%| F|  |TAMS 0x0000000087100000| PB 0x0000000087100000| Untracked |  0
|  92|0x0000000087200000, 0x0000000087200000, 0x0000000087300000|  0%| F|  |TAMS 0x0000000087200000| PB 0x0000000087200000| Untracked |  0
|  93|0x0000000087300000, 0x0000000087300000, 0x0000000087400000|  0%| F|  |TAMS 0x0000000087300000| PB 0x0000000087300000| Untracked |  0
|  94|0x0000000087400000, 0x0000000087400000, 0x0000000087500000|  0%| F|  |TAMS 0x0000000087400000| PB 0x0000000087400000| Untracked |  0
|  95|0x0000000087500000, 0x0000000087500000, 0x0000000087600000|  0%| F|  |TAMS 0x0000000087500000| PB 0x0000000087500000| Untracked |  0
|  96|0x0000000087600000, 0x0000000087700000, 0x0000000087700000|100%| S|CS|TAMS 0x0000000087600000| PB 0x0000000087600000| Complete |  0
|  97|0x0000000087700000, 0x0000000087800000, 0x0000000087800000|100%| S|CS|TAMS 0x0000000087700000| PB 0x0000000087700000| Complete |  0
|  98|0x0000000087800000, 0x0000000087900000, 0x0000000087900000|100%| S|CS|TAMS 0x0000000087800000| PB 0x0000000087800000| Complete |  0
|  99|0x0000000087900000, 0x0000000087a00000, 0x0000000087a00000|100%| S|CS|TAMS 0x0000000087900000| PB 0x0000000087900000| Complete |  0
| 100|0x0000000087a00000, 0x0000000087a00000, 0x0000000087b00000|  0%| F|  |TAMS 0x0000000087a00000| PB 0x0000000087a00000| Untracked |  0
| 101|0x0000000087b00000, 0x0000000087b00000, 0x0000000087c00000|  0%| F|  |TAMS 0x0000000087b00000| PB 0x0000000087b00000| Untracked |  0
| 102|0x0000000087c00000, 0x0000000087c00000, 0x0000000087d00000|  0%| F|  |TAMS 0x0000000087c00000| PB 0x0000000087c00000| Untracked |  0
| 103|0x0000000087d00000, 0x0000000087d00000, 0x0000000087e00000|  0%| F|  |TAMS 0x0000000087d00000| PB 0x0000000087d00000| Untracked |  0
| 104|0x0000000087e00000, 0x0000000087e00000, 0x0000000087f00000|  0%| F|  |TAMS 0x0000000087e00000| PB 0x0000000087e00000| Untracked |  0
| 105|0x0000000087f00000, 0x0000000087f00000, 0x0000000088000000|  0%| F|  |TAMS 0x0000000087f00000| PB 0x0000000087f00000| Untracked |  0
| 106|0x0000000088000000, 0x0000000088000000, 0x0000000088100000|  0%| F|  |TAMS 0x0000000088000000| PB 0x0000000088000000| Untracked |  0
| 107|0x0000000088100000, 0x0000000088100000, 0x0000000088200000|  0%| F|  |TAMS 0x0000000088100000| PB 0x0000000088100000| Untracked |  0
| 108|0x0000000088200000, 0x0000000088200000, 0x0000000088300000|  0%| F|  |TAMS 0x0000000088200000| PB 0x0000000088200000| Untracked |  0
| 109|0x0000000088300000, 0x0000000088300000, 0x0000000088400000|  0%| F|  |TAMS 0x0000000088300000| PB 0x0000000088300000| Untracked |  0
| 110|0x0000000088400000, 0x0000000088400000, 0x0000000088500000|  0%| F|  |TAMS 0x0000000088400000| PB 0x0000000088400000| Untracked |  0
| 111|0x0000000088500000, 0x0000000088500000, 0x0000000088600000|  0%| F|  |TAMS 0x0000000088500000| PB 0x0000000088500000| Untracked |  0
| 112|0x0000000088600000, 0x0000000088600000, 0x0000000088700000|  0%| F|  |TAMS 0x0000000088600000| PB 0x0000000088600000| Untracked |  0
| 113|0x0000000088700000, 0x0000000088700000, 0x0000000088800000|  0%| F|  |TAMS 0x0000000088700000| PB 0x0000000088700000| Untracked |  0
| 114|0x0000000088800000, 0x0000000088800000, 0x0000000088900000|  0%| F|  |TAMS 0x0000000088800000| PB 0x0000000088800000| Untracked |  0
| 115|0x0000000088900000, 0x0000000088a00000, 0x0000000088a00000|100%| E|  |TAMS 0x0000000088900000| PB 0x0000000088900000| Complete |  0
| 116|0x0000000088a00000, 0x0000000088b00000, 0x0000000088b00000|100%| E|CS|TAMS 0x0000000088a00000| PB 0x0000000088a00000| Complete |  0
| 117|0x0000000088b00000, 0x0000000088c00000, 0x0000000088c00000|100%| E|CS|TAMS 0x0000000088b00000| PB 0x0000000088b00000| Complete |  0
| 118|0x0000000088c00000, 0x0000000088d00000, 0x0000000088d00000|100%| E|CS|TAMS 0x0000000088c00000| PB 0x0000000088c00000| Complete |  0
| 119|0x0000000088d00000, 0x0000000088e00000, 0x0000000088e00000|100%| E|CS|TAMS 0x0000000088d00000| PB 0x0000000088d00000| Complete |  0
| 120|0x0000000088e00000, 0x0000000088f00000, 0x0000000088f00000|100%| E|CS|TAMS 0x0000000088e00000| PB 0x0000000088e00000| Complete |  0
| 121|0x0000000088f00000, 0x0000000089000000, 0x0000000089000000|100%| E|CS|TAMS 0x0000000088f00000| PB 0x0000000088f00000| Complete |  0
| 122|0x0000000089000000, 0x0000000089100000, 0x0000000089100000|100%| E|CS|TAMS 0x0000000089000000| PB 0x0000000089000000| Complete |  0
| 123|0x0000000089100000, 0x0000000089200000, 0x0000000089200000|100%| E|CS|TAMS 0x0000000089100000| PB 0x0000000089100000| Complete |  0
| 124|0x0000000089200000, 0x0000000089300000, 0x0000000089300000|100%| E|CS|TAMS 0x0000000089200000| PB 0x0000000089200000| Complete |  0
| 125|0x0000000089300000, 0x0000000089400000, 0x0000000089400000|100%| E|CS|TAMS 0x0000000089300000| PB 0x0000000089300000| Complete |  0
| 126|0x0000000089400000, 0x0000000089500000, 0x0000000089500000|100%| E|CS|TAMS 0x0000000089400000| PB 0x0000000089400000| Complete |  0
| 127|0x0000000089500000, 0x0000000089600000, 0x0000000089600000|100%| E|CS|TAMS 0x0000000089500000| PB 0x0000000089500000| Complete |  0
|2024|0x00000000ffe00000, 0x00000000fff00000, 0x00000000fff00000|100%| O|  |TAMS 0x00000000ffe00000| PB 0x00000000ffe00000| Untracked |  0
|2025|0x00000000fff00000, 0x00000000fff1d1c0, 0x0000000100000000| 11%| O|  |TAMS 0x00000000fff00000| PB 0x00000000fff00000| Untracked |  0

Card table byte_map: [0x0000016417be0000,0x0000016417fe0000] _byte_map_base: 0x00000164177d5000

Marking Bits: (CMBitMap*) 0x000001647fe9b5f0
 Bits: [0x0000016417fe0000, 0x0000016419f88000)

Polling page: 0x000001647de40000

Metaspace:

Usage:
  Non-class:     15.92 MB used.
      Class:      1.71 MB used.
       Both:     17.63 MB used.

Virtual space:
  Non-class space:       64.00 MB reserved,      16.06 MB ( 25%) committed,  1 nodes.
      Class space:        1.00 GB reserved,       1.81 MB ( <1%) committed,  1 nodes.
             Both:        1.06 GB reserved,      17.88 MB (  2%) committed. 

Chunk freelists:
   Non-Class:  15.00 MB
       Class:  14.20 MB
        Both:  29.20 MB

MaxMetaspaceSize: unlimited
CompressedClassSpaceSize: 1.00 GB
Initial GC threshold: 21.00 MB
Current GC threshold: 21.00 MB
CDS: on
 - commit_granule_bytes: 65536.
 - commit_granule_words: 8192.
 - virtual_space_node_default_size: 8388608.
 - enlarge_chunks_in_place: 1.
UseCompressedClassPointers 1, UseCompactObjectHeaders 0
Narrow klass pointer bits 32, Max shift 3
Narrow klass base: 0x000001641d000000, Narrow klass shift: 0
Encoding Range: [0x000001641d000000 - 0x000001651d000000), (4294967296 bytes)
Klass Range:    [0x000001641d000000 - 0x000001645e000000), (1090519040 bytes)
Klass ID Range:  [8 - 1090519033) (1090519025)


Internal statistics:

num_allocs_failed_limit: 0.
num_arena_births: 304.
num_arena_deaths: 0.
num_vsnodes_births: 2.
num_vsnodes_deaths: 0.
num_space_committed: 286.
num_space_uncommitted: 0.
num_chunks_returned_to_freelist: 0.
num_chunks_taken_from_freelist: 438.
num_chunk_merges: 0.
num_chunk_splits: 248.
num_chunks_enlarged: 118.
num_inconsistent_stats: 0.

CodeHeap 'non-profiled nmethods': size=120064Kb used=879Kb max_used=879Kb free=119184Kb
 bounds [0x00000164102a0000, 0x0000016410510000, 0x00000164177e0000]
CodeHeap 'profiled nmethods': size=120000Kb used=4031Kb max_used=4031Kb free=115968Kb
 bounds [0x00000164087e0000, 0x0000016408bd0000, 0x000001640fd10000]
CodeHeap 'non-nmethods': size=5696Kb used=1598Kb max_used=1637Kb free=4097Kb
 bounds [0x000001640fd10000, 0x000001640ff80000, 0x00000164102a0000]
CodeCache: size=245760Kb, used=6508Kb, max_used=6547Kb, free=239249Kb
 total_blobs=3455, nmethods=2685, adapters=675, full_count=0
Compilation: enabled, stopped_count=0, restarted_count=0

Compilation events (20 events):
Event: 7.236 Thread 0x000001641c58e910 nmethod 2680 0x0000016410373388 code [0x0000016410373480, 0x0000016410373548]
Event: 7.236 Thread 0x000001641c58e910 2681       3       java.lang.Character::digit (6 bytes)
Event: 7.236 Thread 0x000001641c58e910 nmethod 2681 0x0000016408bcd788 code [0x0000016408bcd8c0, 0x0000016408bcdb18]
Event: 7.236 Thread 0x000001641c58e910 2682   !   3       jdk.jfr.internal.Control::setValue (102 bytes)
Event: 7.238 Thread 0x000001641c58e910 nmethod 2682 0x0000016408bcdb88 code [0x0000016408bcde20, 0x0000016408bcf250]
Event: 7.249 Thread 0x0000016463e47b80 nmethod 2643 0x0000016410373688 code [0x0000016410373880, 0x0000016410375078]
Event: 7.249 Thread 0x0000016463e47b80 2662       4       java.lang.StringLatin1::indexOf (121 bytes)
Event: 7.254 Thread 0x000001641c58e910 2683       1       jdk.jfr.internal.periodic.EventTask::getEventType (5 bytes)
Event: 7.254 Thread 0x000001641c58e910 nmethod 2683 0x0000016410375108 code [0x0000016410375200, 0x00000164103752c8]
Event: 7.267 Thread 0x0000016463e47b80 nmethod 2662 0x0000016410375408 code [0x0000016410375520, 0x0000016410375a58]
Event: 7.267 Thread 0x0000016463e47b80 2650       4       java.util.LinkedHashMap::get (29 bytes)
Event: 7.276 Thread 0x0000016463e47b80 nmethod 2650 0x0000016410375a88 code [0x0000016410375bc0, 0x0000016410375ef0]
Event: 7.276 Thread 0x0000016463e47b80 2645       4       java.util.LinkedHashMap::linkNodeAtEnd (76 bytes)
Event: 7.278 Thread 0x0000016463e47b80 nmethod 2645 0x0000016410375f88 code [0x00000164103760a0, 0x00000164103765a8]
Event: 7.278 Thread 0x000001641c58e910 2684       1       jdk.jfr.internal.periodic.PeriodicTask::getPeriod (5 bytes)
Event: 7.279 Thread 0x000001641c58e910 nmethod 2684 0x0000016410376608 code [0x0000016410376700, 0x00000164103767c8]
Event: 7.279 Thread 0x000001641c58e910 2685       3       java.util.Comparator$$Lambda/0x000001641e1eadd8::compare (10 bytes)
Event: 7.279 Thread 0x000001641c58e910 nmethod 2685 0x0000016408bcf308 code [0x0000016408bcf460, 0x0000016408bcf8d0]
Event: 7.279 Thread 0x000001641c58e910 2686       3       java.util.Comparator::lambda$comparingLong$6043328a$1 (18 bytes)
Event: 7.280 Thread 0x000001641c58e910 nmethod 2686 0x0000016408bcf908 code [0x0000016408bcfa60, 0x0000016408bcfe40]

GC Heap History (2 events):
Event: 1.825 GC heap before
{Heap before GC invocations=0 (full 0):
 garbage-first heap   total reserved 2074624K, committed 133120K, used 31860K [0x0000000081600000, 0x0000000100000000)
  region size 1024K, 28 young (28672K), 0 survivors (0K)
 Metaspace       used 16067K, committed 16320K, reserved 1114112K
  class space    used 1543K, committed 1664K, reserved 1048576K
}
Event: 1.859 GC heap after
{Heap after GC invocations=1 (full 0):
 garbage-first heap   total reserved 2074624K, committed 133120K, used 7758K [0x0000000081600000, 0x0000000100000000)
  region size 1024K, 4 young (4096K), 4 survivors (4096K)
 Metaspace       used 16067K, committed 16320K, reserved 1114112K
  class space    used 1543K, committed 1664K, reserved 1048576K
}

Dll operation events (16 events):
Event: 0.021 Loaded shared library C:\Program Files\Java\jdk-24\bin\java.dll
Event: 0.108 Loaded shared library C:\Program Files\Java\jdk-24\bin\jsvml.dll
Event: 0.192 Loaded shared library C:\Program Files\Java\jdk-24\bin\zip.dll
Event: 0.197 Loaded shared library C:\Program Files\Java\jdk-24\bin\instrument.dll
Event: 0.205 Loaded shared library C:\Program Files\Java\jdk-24\bin\net.dll
Event: 0.209 Loaded shared library C:\Program Files\Java\jdk-24\bin\nio.dll
Event: 0.230 Loaded shared library C:\Program Files\Java\jdk-24\bin\zip.dll
Event: 0.289 Loaded shared library C:\Program Files\Java\jdk-24\bin\extnet.dll
Event: 0.307 Loaded shared library C:\Program Files\Java\jdk-24\bin\jimage.dll
Event: 0.322 Loaded shared library C:\Program Files\Java\jdk-24\bin\awt.dll
Event: 0.577 Loaded shared library C:\Program Files\Java\jdk-24\bin\management.dll
Event: 0.581 Loaded shared library C:\Program Files\Java\jdk-24\bin\freetype.dll
Event: 0.583 Loaded shared library C:\Program Files\Java\jdk-24\bin\fontmanager.dll
Event: 0.591 Loaded shared library C:\Program Files\Java\jdk-24\bin\management_ext.dll
Event: 0.973 Loaded shared library C:\Program Files\Java\jdk-24\bin\verify.dll
Event: 6.858 Loaded shared library C:\Users\Admin\AppData\Local\Temp\idea_libasyncProfiler_dll_temp_folder1\libasyncProfiler.dll

Deoptimization events (20 events):
Event: 7.049 Thread 0x000001641c55a860 Uncommon trap: trap_request=0xffffff4d fr.pc=0x0000016410360d5c relative=0x00000000000000bc
Event: 7.049 Thread 0x000001641c55a860 Uncommon trap: reason=unstable_if action=reinterpret pc=0x0000016410360d5c method=jdk.jfr.internal.Type.getKnownType(Ljava/lang/Class;)Ljdk/jfr/internal/Type; @ 47 c2
Event: 7.049 Thread 0x000001641c55a860 DEOPT PACKING pc=0x0000016410360d5c sp=0x0000004a757fe0c0
Event: 7.049 Thread 0x000001641c55a860 DEOPT UNPACKING pc=0x000001640fe21502 sp=0x0000004a757fe058 mode 2
Event: 7.075 Thread 0x000001641c55a860 Uncommon trap: trap_request=0xffffffcc fr.pc=0x000001641035db1c relative=0x00000000000003dc
Event: 7.075 Thread 0x000001641c55a860 Uncommon trap: reason=intrinsic_or_type_checked_inlining action=make_not_entrant pc=0x000001641035db1c method=java.util.Arrays.copyOf([Ljava/lang/Object;ILjava/lang/Class;)[Ljava/lang/Object; @ 35 c2
Event: 7.075 Thread 0x000001641c55a860 DEOPT PACKING pc=0x000001641035db1c sp=0x0000004a757fe230
Event: 7.075 Thread 0x000001641c55a860 DEOPT UNPACKING pc=0x000001640fe21502 sp=0x0000004a757fe1d8 mode 2
Event: 7.176 Thread 0x000001646262f6d0 Uncommon trap: trap_request=0xffffff4d fr.pc=0x000001641036389c relative=0x00000000000000fc
Event: 7.176 Thread 0x000001646262f6d0 Uncommon trap: reason=unstable_if action=reinterpret pc=0x000001641036389c method=java.lang.Long.valueOf(J)Ljava/lang/Long; @ 9 c2
Event: 7.176 Thread 0x000001646262f6d0 DEOPT PACKING pc=0x000001641036389c sp=0x0000004a765fed60
Event: 7.176 Thread 0x000001646262f6d0 DEOPT UNPACKING pc=0x000001640fe21502 sp=0x0000004a765fecf8 mode 2
Event: 7.194 Thread 0x000001641c55a860 Uncommon trap: trap_request=0xffffff4d fr.pc=0x000001641036edf8 relative=0x00000000000003d8
Event: 7.194 Thread 0x000001641c55a860 Uncommon trap: reason=unstable_if action=reinterpret pc=0x000001641036edf8 method=java.io.ByteArrayOutputStream.ensureCapacity(I)V @ 11 c2
Event: 7.194 Thread 0x000001641c55a860 DEOPT PACKING pc=0x000001641036edf8 sp=0x0000004a757fe590
Event: 7.194 Thread 0x000001641c55a860 DEOPT UNPACKING pc=0x000001640fe21502 sp=0x0000004a757fe470 mode 2
Event: 7.202 Thread 0x000001641c55a860 Uncommon trap: trap_request=0xffffff4d fr.pc=0x000001641036e828 relative=0x0000000000000208
Event: 7.202 Thread 0x000001641c55a860 Uncommon trap: reason=unstable_if action=reinterpret pc=0x000001641036e828 method=java.io.ByteArrayOutputStream.ensureCapacity(I)V @ 11 c2
Event: 7.202 Thread 0x000001641c55a860 DEOPT PACKING pc=0x000001641036e828 sp=0x0000004a757fe470
Event: 7.203 Thread 0x000001641c55a860 DEOPT UNPACKING pc=0x000001640fe21502 sp=0x0000004a757fe3a8 mode 2

Classes loaded (20 events):
Event: 7.142 Loading class jdk/jfr/internal/MetadataWriter
Event: 7.142 Loading class jdk/jfr/internal/MetadataWriter done
Event: 7.142 Loading class jdk/jfr/internal/MetadataDescriptor$Element
Event: 7.142 Loading class jdk/jfr/internal/MetadataDescriptor$Element done
Event: 7.143 Loading class jdk/jfr/internal/MetadataDescriptor$Attribute
Event: 7.143 Loading class jdk/jfr/internal/MetadataDescriptor$Attribute done
Event: 7.181 Loading class jdk/jfr/internal/consumer/StringParser$Encoding
Event: 7.181 Loading class jdk/jfr/internal/consumer/StringParser$Encoding done
Event: 7.208 Loading class jdk/jfr/internal/consumer/RepositoryFiles
Event: 7.209 Loading class jdk/jfr/internal/consumer/RepositoryFiles done
Event: 7.229 Loading class jdk/jfr/internal/SettingsManager$InternalSetting
Event: 7.229 Loading class jdk/jfr/internal/SettingsManager$InternalSetting done
Event: 7.233 Loading class jdk/jfr/internal/util/Rate
Event: 7.233 Loading class jdk/jfr/internal/util/Rate done
Event: 7.233 Loading class jdk/jfr/internal/util/TimespanUnit
Event: 7.234 Loading class jdk/jfr/internal/util/TimespanUnit done
Event: 7.234 Loading class jdk/jfr/internal/util/ValueParser
Event: 7.234 Loading class jdk/jfr/internal/util/ValueParser done
Event: 7.238 Loading class jdk/jfr/internal/periodic/PeriodicType
Event: 7.238 Loading class jdk/jfr/internal/periodic/PeriodicType done

Classes unloaded (0 events):
No events

Classes redefined (0 events):
No events

Internal exceptions (20 events):
Event: 1.220 Thread 0x000001646262f6d0 Exception <a 'java/lang/NoSuchMethodError'{0x0000000087e90760}: 'double java.lang.invoke.DirectMethodHandle$Holder.invokeInterface(java.lang.Object, java.lang.Object)'> (0x0000000087e90760) 
thrown [s\open\src\hotspot\share\interpreter\linkResolver.cpp, line 805]
Event: 1.222 Thread 0x000001646262f6d0 Exception <a 'java/lang/NoSuchMethodError'{0x0000000087ea13d0}: 'double java.lang.invoke.DelegatingMethodHandle$Holder.reinvoke_L(java.lang.Object, java.lang.Object)'> (0x0000000087ea13d0) 
thrown [s\open\src\hotspot\share\interpreter\linkResolver.cpp, line 805]
Event: 1.241 Thread 0x00000164625eeab0 Implicit null exception at 0x00000164102ff014 to 0x00000164102ff5e4
Event: 1.241 Thread 0x00000164625eeab0 Implicit null exception at 0x00000164102fe090 to 0x00000164102fe65c
Event: 1.390 Thread 0x0000016462470320 Exception <a 'java/lang/NoSuchMethodError'{0x0000000087cc3750}: 'void java.lang.invoke.DelegatingMethodHandle$Holder.reinvoke_L(java.lang.Object, java.lang.Object, java.lang.Object, java.lang.Object, long, long, float)'> (0x0000000087cc3750) 
thrown [s\open\src\hotspot\share\interpreter\linkResolver.cpp, line 805]
Event: 1.394 Thread 0x0000016462470320 Exception <a 'java/lang/NoSuchMethodError'{0x0000000087ce3540}: 'java.lang.Object java.lang.invoke.DirectMethodHandle$Holder.invokeStatic(java.lang.Object, java.lang.Object, java.lang.Object, java.lang.Object, java.lang.Object, long)'> (0x0000000087ce3540) 
thrown [s\open\src\hotspot\share\interpreter\linkResolver.cpp, line 805]
Event: 1.405 Thread 0x0000016462470320 Exception <a 'java/lang/NoSuchMethodError'{0x0000000087b26ac8}: 'float java.lang.invoke.DelegatingMethodHandle$Holder.reinvoke_L(java.lang.Object, java.lang.Object, java.lang.Object, java.lang.Object, long, long)'> (0x0000000087b26ac8) 
thrown [s\open\src\hotspot\share\interpreter\linkResolver.cpp, line 805]
Event: 1.505 Thread 0x0000016462470320 Exception <a 'java/lang/NoSuchMethodError'{0x0000000087bc50a0}: 'int java.lang.invoke.DelegatingMethodHandle$Holder.reinvoke_L(java.lang.Object, java.lang.Object, java.lang.Object, java.lang.Object, long, long)'> (0x0000000087bc50a0) 
thrown [s\open\src\hotspot\share\interpreter\linkResolver.cpp, line 805]
Event: 1.558 Thread 0x0000016462470320 Exception <a 'java/lang/NoSuchMethodError'{0x0000000087a10258}: 'int java.lang.invoke.DirectMethodHandle$Holder.invokeVirtual(java.lang.Object, java.lang.Object)'> (0x0000000087a10258) 
thrown [s\open\src\hotspot\share\interpreter\linkResolver.cpp, line 805]
Event: 1.567 Thread 0x0000016462470320 Exception <a 'java/lang/NoSuchMethodError'{0x0000000087a3e3d0}: 'int java.lang.invoke.DelegatingMethodHandle$Holder.reinvoke_L(java.lang.Object, java.lang.Object, int, int)'> (0x0000000087a3e3d0) 
thrown [s\open\src\hotspot\share\interpreter\linkResolver.cpp, line 805]
Event: 1.578 Thread 0x0000016462470320 Implicit null exception at 0x0000016410319c09 to 0x0000016410319f64
Event: 2.005 Thread 0x000001646262f6d0 Exception <a 'java/lang/NoSuchMethodError'{0x0000000089434c38}: 'long java.lang.invoke.DirectMethodHandle$Holder.invokeVirtual(java.lang.Object, java.lang.Object)'> (0x0000000089434c38) 
thrown [s\open\src\hotspot\share\interpreter\linkResolver.cpp, line 805]
Event: 2.007 Thread 0x000001646262f6d0 Exception <a 'java/lang/NoSuchMethodError'{0x0000000089444ee8}: 'long java.lang.invoke.DelegatingMethodHandle$Holder.reinvoke_L(java.lang.Object, java.lang.Object)'> (0x0000000089444ee8) 
thrown [s\open\src\hotspot\share\interpreter\linkResolver.cpp, line 805]
Event: 6.978 Thread 0x000001641c55a860 Exception <a 'java/lang/NoSuchMethodError'{0x0000000089034f68}: 'int java.lang.invoke.DirectMethodHandle$Holder.invokeStatic(java.lang.Object, java.lang.Object, java.lang.Object, java.lang.Object)'> (0x0000000089034f68) 
thrown [s\open\src\hotspot\share\interpreter\linkResolver.cpp, line 805]
Event: 7.116 Thread 0x000001641c55a860 Exception <a 'java/lang/NoSuchMethodError'{0x0000000088c29130}: 'void java.lang.invoke.DirectMethodHandle$Holder.invokeSpecial(java.lang.Object, java.lang.Object, int)'> (0x0000000088c29130) 
thrown [s\open\src\hotspot\share\interpreter\linkResolver.cpp, line 805]
Event: 7.116 Thread 0x000001641c55a860 Exception <a 'java/lang/NoSuchMethodError'{0x0000000088c30d50}: 'void java.lang.invoke.Invokers$Holder.invokeExact_MT(java.lang.Object, int, java.lang.Object)'> (0x0000000088c30d50) 
thrown [s\open\src\hotspot\share\interpreter\linkResolver.cpp, line 805]
Event: 7.120 Thread 0x000001641c55a860 Exception <a 'java/lang/NoSuchMethodError'{0x0000000088c47158}: 'void java.lang.invoke.DirectMethodHandle$Holder.invokeStatic(java.lang.Object, java.lang.Object, int)'> (0x0000000088c47158) 
thrown [s\open\src\hotspot\share\interpreter\linkResolver.cpp, line 805]
Event: 7.127 Thread 0x000001641c55a860 Exception <a 'sun/nio/fs/WindowsException'{0x0000000088c87170}> (0x0000000088c87170) 
thrown [s\open\src\hotspot\share\prims\jni.cpp, line 518]
Event: 7.131 Thread 0x000001641c55a860 Exception <a 'sun/nio/fs/WindowsException'{0x0000000088c93f48}> (0x0000000088c93f48) 
thrown [s\open\src\hotspot\share\prims\jni.cpp, line 518]
Event: 7.138 Thread 0x000001641c55a860 Exception <a 'sun/nio/fs/WindowsException'{0x0000000088ccbff8}> (0x0000000088ccbff8) 
thrown [s\open\src\hotspot\share\prims\jni.cpp, line 518]

VM Operations (20 events):
Event: 0.622 Executing VM operation: HandshakeAllThreads (Deoptimize)
Event: 0.622 Executing VM operation: HandshakeAllThreads (Deoptimize) done
Event: 0.901 Executing VM operation: HandshakeAllThreads (Deoptimize)
Event: 0.901 Executing VM operation: HandshakeAllThreads (Deoptimize) done
Event: 0.902 Executing VM operation: HandshakeAllThreads (Deoptimize)
Event: 0.902 Executing VM operation: HandshakeAllThreads (Deoptimize) done
Event: 0.926 Executing VM operation: HandshakeAllThreads (Deoptimize)
Event: 0.926 Executing VM operation: HandshakeAllThreads (Deoptimize) done
Event: 1.355 Executing VM operation: HandshakeAllThreads (Deoptimize)
Event: 1.355 Executing VM operation: HandshakeAllThreads (Deoptimize) done
Event: 1.804 Executing VM operation: HandshakeAllThreads (Deoptimize)
Event: 1.805 Executing VM operation: HandshakeAllThreads (Deoptimize) done
Event: 1.825 Executing VM operation: G1CollectForAllocation (G1 Evacuation Pause)
Event: 1.859 Executing VM operation: G1CollectForAllocation (G1 Evacuation Pause) done
Event: 1.924 Executing VM operation: HandshakeAllThreads (Deoptimize)
Event: 1.924 Executing VM operation: HandshakeAllThreads (Deoptimize) done
Event: 7.123 Executing VM operation: HandshakeAllThreads (Deoptimize)
Event: 7.124 Executing VM operation: HandshakeAllThreads (Deoptimize) done
Event: 7.210 Executing VM operation: JFRSafepointClear
Event: 7.210 Executing VM operation: JFRSafepointClear done

Memory protections (0 events):
No events

Nmethod flushes (0 events):
No events

Events (20 events):
Event: 0.263 Thread 0x000001647db108b0 Thread added: 0x000001641c789a40
Event: 0.263 Thread 0x000001647db108b0 Thread added: 0x000001641c78a180
Event: 0.394 Thread 0x000001647db108b0 Thread added: 0x00000164622d5000
Event: 0.396 Thread 0x000001647db108b0 Thread added: 0x0000016462047ff0
Event: 0.396 Thread 0x000001647db108b0 Thread added: 0x000001646204c740
Event: 0.724 Thread 0x000001641c58e910 Thread added: 0x00000164624b32d0
Event: 0.743 Thread 0x000001647db108b0 Thread added: 0x0000016462470320
Event: 0.744 Thread 0x000001647db108b0 Thread exited: 0x000001647db108b0
Event: 0.744 Thread 0x000001641c7a67e0 Thread added: 0x000001641c7a67e0
Event: 1.034 Thread 0x000001641c55a860 Thread added: 0x0000016462632f20
Event: 1.066 Thread 0x0000016462632f20 Thread added: 0x000001646262f6d0
Event: 1.110 Thread 0x000001646262f6d0 Thread added: 0x0000016462645050
Event: 1.139 Thread 0x000001646262f6d0 Thread added: 0x00000164625f00a0
Event: 1.234 Thread 0x0000016462470320 Thread added: 0x00000164625eeab0
Event: 1.958 Thread 0x0000016462470320 Thread added: 0x00000164625ef200
Event: 2.460 Thread 0x00000164624b32d0 Thread exited: 0x00000164624b32d0
Event: 6.319 Thread 0x00000164625eeab0 Thread exited: 0x00000164625eeab0
Event: 6.909 Thread 0x000001641c55a860 Thread added: 0x00000164625eeab0
Event: 7.007 Thread 0x000001641c58e910 Thread added: 0x0000016463e47b80
Event: 7.121 Thread 0x000001641c55a860 Thread added: 0x00000164620977b0


Dynamic libraries:
0x00007ff7de4e0000 - 0x00007ff7de4f0000 	C:\Program Files\Java\jdk-24\bin\java.exe
0x00007ff912f70000 - 0x00007ff913168000 	C:\Windows\SYSTEM32\ntdll.dll
0x00007ff911e10000 - 0x00007ff911ed2000 	C:\Windows\System32\KERNEL32.DLL
0x00007ff910a30000 - 0x00007ff910d26000 	C:\Windows\System32\KERNELBASE.dll
0x00007ff910610000 - 0x00007ff910710000 	C:\Windows\System32\ucrtbase.dll
0x00007ff904fa0000 - 0x00007ff904fb6000 	C:\Program Files\Java\jdk-24\bin\jli.dll
0x00007ff911600000 - 0x00007ff91179d000 	C:\Windows\System32\USER32.dll
0x00007ff910710000 - 0x00007ff910732000 	C:\Windows\System32\win32u.dll
0x00007ff911de0000 - 0x00007ff911e0b000 	C:\Windows\System32\GDI32.dll
0x00007ff910de0000 - 0x00007ff910efa000 	C:\Windows\System32\gdi32full.dll
0x00007ff910f00000 - 0x00007ff910f9d000 	C:\Windows\System32\msvcp_win.dll
0x00007ff901720000 - 0x00007ff90173b000 	C:\Program Files\Java\jdk-24\bin\VCRUNTIME140.dll
0x00007ff8fe7b0000 - 0x00007ff8fea4a000 	C:\Windows\WinSxS\amd64_microsoft.windows.common-controls_6595b64144ccf1df_6.0.19041.5794_none_60bcd33171f2783c\COMCTL32.dll
0x00007ff911410000 - 0x00007ff9114ae000 	C:\Windows\System32\msvcrt.dll
0x00007ff9111b0000 - 0x00007ff9111df000 	C:\Windows\System32\IMM32.DLL
0x00007ff90bc70000 - 0x00007ff90bc7c000 	C:\Program Files\Java\jdk-24\bin\vcruntime140_1.dll
0x00007ff8e66f0000 - 0x00007ff8e677e000 	C:\Program Files\Java\jdk-24\bin\msvcp140.dll
0x00007ff8d1d20000 - 0x00007ff8d2ac2000 	C:\Program Files\Java\jdk-24\bin\server\jvm.dll
0x00007ff912950000 - 0x00007ff9129ff000 	C:\Windows\System32\ADVAPI32.dll
0x00007ff911370000 - 0x00007ff91140f000 	C:\Windows\System32\sechost.dll
0x00007ff911950000 - 0x00007ff911a73000 	C:\Windows\System32\RPCRT4.dll
0x00007ff910db0000 - 0x00007ff910dd7000 	C:\Windows\System32\bcrypt.dll
0x00007ff9114b0000 - 0x00007ff91151b000 	C:\Windows\System32\WS2_32.dll
0x00007ff90fb50000 - 0x00007ff90fb9b000 	C:\Windows\SYSTEM32\POWRPROF.dll
0x00007ff90b380000 - 0x00007ff90b3a7000 	C:\Windows\SYSTEM32\WINMM.dll
0x00007ff909550000 - 0x00007ff90955a000 	C:\Windows\SYSTEM32\VERSION.dll
0x00007ff90fa10000 - 0x00007ff90fa22000 	C:\Windows\SYSTEM32\UMPDC.dll
0x00007ff90ee30000 - 0x00007ff90ee42000 	C:\Windows\SYSTEM32\kernel.appcore.dll
0x00007ff908930000 - 0x00007ff90893a000 	C:\Program Files\Java\jdk-24\bin\jimage.dll
0x00007ff90e370000 - 0x00007ff90e571000 	C:\Windows\SYSTEM32\DBGHELP.DLL
0x00007ff908120000 - 0x00007ff908154000 	C:\Windows\SYSTEM32\dbgcore.DLL
0x00007ff9109a0000 - 0x00007ff910a22000 	C:\Windows\System32\bcryptPrimitives.dll
0x00007ff9064b0000 - 0x00007ff9064bf000 	C:\Program Files\Java\jdk-24\bin\instrument.dll
0x00007ff901700000 - 0x00007ff90171e000 	C:\Program Files\Java\jdk-24\bin\java.dll
0x00007ff9127c0000 - 0x00007ff9128eb000 	C:\Windows\System32\ole32.dll
0x00007ff911a80000 - 0x00007ff911dd3000 	C:\Windows\System32\combase.dll
0x00007ff911f70000 - 0x00007ff9126de000 	C:\Windows\System32\SHELL32.dll
0x00007ff90e670000 - 0x00007ff90ee13000 	C:\Windows\SYSTEM32\windows.storage.dll
0x00007ff910040000 - 0x00007ff91006b000 	C:\Windows\SYSTEM32\Wldp.dll
0x00007ff911880000 - 0x00007ff91194d000 	C:\Windows\System32\OLEAUT32.dll
0x00007ff911520000 - 0x00007ff9115cd000 	C:\Windows\System32\SHCORE.dll
0x00007ff910fa0000 - 0x00007ff910ff5000 	C:\Windows\System32\shlwapi.dll
0x00007ff910540000 - 0x00007ff910565000 	C:\Windows\SYSTEM32\profapi.dll
0x00007ff8e4950000 - 0x00007ff8e4a27000 	C:\Program Files\Java\jdk-24\bin\jsvml.dll
0x00007ff8f9880000 - 0x00007ff8f9897000 	C:\Program Files\Java\jdk-24\bin\zip.dll
0x00007ff904f90000 - 0x00007ff904fa0000 	C:\Program Files\Java\jdk-24\bin\net.dll
0x00007ff90fda0000 - 0x00007ff90fe0c000 	C:\Windows\system32\mswsock.dll
0x00007ff8f7370000 - 0x00007ff8f7386000 	C:\Program Files\Java\jdk-24\bin\nio.dll
0x00007ff903750000 - 0x00007ff903759000 	C:\Program Files\Java\jdk-24\bin\extnet.dll
0x00007ff8a4240000 - 0x00007ff8a43bf000 	C:\Program Files\Java\jdk-24\bin\awt.dll
0x00007ff90d340000 - 0x00007ff90d3d4000 	C:\Windows\SYSTEM32\apphelp.dll
0x00007ff90d820000 - 0x00007ff90d8be000 	C:\Windows\system32\uxtheme.dll
0x00007ff911240000 - 0x00007ff911355000 	C:\Windows\System32\MSCTF.dll
0x00007ff90ddd0000 - 0x00007ff90ddff000 	C:\Windows\system32\DWMAPI.DLL
0x00007ff90fa80000 - 0x00007ff90fb4a000 	C:\Windows\SYSTEM32\DNSAPI.dll
0x00007ff90fa30000 - 0x00007ff90fa6b000 	C:\Windows\SYSTEM32\IPHLPAPI.DLL
0x00007ff912a00000 - 0x00007ff912a08000 	C:\Windows\System32\NSI.dll
0x00007ff905560000 - 0x00007ff90556a000 	C:\Windows\System32\rasadhlp.dll
0x00007ff9055a0000 - 0x00007ff905620000 	C:\Windows\System32\fwpuclnt.dll
0x00007ff903090000 - 0x00007ff90309a000 	C:\Program Files\Java\jdk-24\bin\management.dll
0x00007ff8e35a0000 - 0x00007ff8e3627000 	C:\Program Files\Java\jdk-24\bin\freetype.dll
0x00007ff8a9210000 - 0x00007ff8a92e7000 	C:\Program Files\Java\jdk-24\bin\fontmanager.dll
0x00007ff9016f0000 - 0x00007ff9016fb000 	C:\Program Files\Java\jdk-24\bin\management_ext.dll
0x00007ff911360000 - 0x00007ff911368000 	C:\Windows\System32\PSAPI.DLL
0x00007ff8eb200000 - 0x00007ff8eb328000 	C:\Windows\system32\opengl32.dll
0x00007ff902b10000 - 0x00007ff902b3c000 	C:\Windows\SYSTEM32\GLU32.dll
0x00007ff90ffa0000 - 0x00007ff90ffb8000 	C:\Windows\SYSTEM32\CRYPTSP.dll
0x00007ff90f650000 - 0x00007ff90f688000 	C:\Windows\system32\rsaenh.dll
0x00007ff9104c0000 - 0x00007ff9104ee000 	C:\Windows\SYSTEM32\USERENV.dll
0x00007ff90ff90000 - 0x00007ff90ff9c000 	C:\Windows\SYSTEM32\CRYPTBASE.dll
0x00007ff9003e0000 - 0x00007ff9003f0000 	C:\Program Files\Java\jdk-24\bin\verify.dll
0x00007ff8ef4d0000 - 0x00007ff8ef4e7000 	C:\Windows\system32\napinsp.dll
0x00007ff8ef4b0000 - 0x00007ff8ef4cb000 	C:\Windows\system32\pnrpnsp.dll
0x00007ff8ef490000 - 0x00007ff8ef4ad000 	C:\Windows\system32\wshbth.dll
0x00007ff909cc0000 - 0x00007ff909cdd000 	C:\Windows\system32\NLAapi.dll
0x00007ff8ef470000 - 0x00007ff8ef482000 	C:\Windows\System32\winrnr.dll
0x00007ff907eb0000 - 0x00007ff907f01000 	C:\Windows\SYSTEM32\pdh.dll
0x00007ff912e80000 - 0x00007ff912f29000 	C:\Windows\System32\clbcatq.dll
0x00007ff90d510000 - 0x00007ff90d6c4000 	C:\Windows\SYSTEM32\WindowsCodecs.dll
0x00007ff8ef650000 - 0x00007ff8ef68e000 	C:\Windows\system32\dataexchange.dll
0x00007ff90c440000 - 0x00007ff90c624000 	C:\Windows\system32\dcomp.dll
0x00007ff90b9b0000 - 0x00007ff90bc14000 	C:\Windows\system32\d3d11.dll
0x00007ff90efc0000 - 0x00007ff90f0b6000 	C:\Windows\system32\dxgi.dll
0x00007ff9099c0000 - 0x00007ff909bc3000 	C:\Windows\system32\twinapi.appcore.dll
0x00007ff902d70000 - 0x00007ff902e69000 	C:\Windows\SYSTEM32\textinputframework.dll
0x00007ff90cae0000 - 0x00007ff90ce3b000 	C:\Windows\System32\CoreUIComponents.dll
0x00007ff90ce40000 - 0x00007ff90cf32000 	C:\Windows\System32\CoreMessaging.dll
0x00007ff90f8a0000 - 0x00007ff90f8d3000 	C:\Windows\SYSTEM32\ntmarta.dll
0x00007ff90c2c0000 - 0x00007ff90c417000 	C:\Windows\SYSTEM32\wintypes.dll
0x00007ff8ebe10000 - 0x00007ff8ec104000 	C:\Windows\SYSTEM32\uiautomationcore.dll
0x00007ff90d940000 - 0x00007ff90da34000 	C:\Windows\SYSTEM32\PROPSYS.dll
0x00007ff90b250000 - 0x00007ff90b2b6000 	C:\Windows\SYSTEM32\OLEACC.dll
0x00007ff90d0f0000 - 0x00007ff90d0ff000 	C:\Windows\System32\perfproc.dll
0x00007ff90bca0000 - 0x00007ff90bcaf000 	C:\Windows\System32\perfos.dll
0x00007ff87b730000 - 0x00007ff87b928000 	C:\Users\Admin\AppData\Local\Temp\idea_libasyncProfiler_dll_temp_folder1\libasyncProfiler.dll

JVMTI agents:
C:\Program Files\JetBrains\IntelliJ IDEA 2025.1.1.1\lib\idea_rt.jar path:C:\Program Files\Java\jdk-24\bin\instrument.dll, loaded, initialized, instrumentlib options:61152

dbghelp: loaded successfully - version: 4.0.5 - missing functions: none
symbol engine: initialized successfully - sym options: 0x614 - pdb path: .;C:\Program Files\Java\jdk-24\bin;C:\Windows\SYSTEM32;C:\Windows\WinSxS\amd64_microsoft.windows.common-controls_6595b64144ccf1df_6.0.19041.5794_none_60bcd33171f2783c;C:\Program Files\Java\jdk-24\bin\server;C:\Users\Admin\AppData\Local\Temp\idea_libasyncProfiler_dll_temp_folder1

VM Arguments:
jvm_args: -javaagent:C:\Program Files\JetBrains\IntelliJ IDEA 2025.1.1.1\lib\idea_rt.jar=61152 -Dfile.encoding=UTF-8 -Dsun.stdout.encoding=UTF-8 -Dsun.stderr.encoding=UTF-8 
java_command: main.Main
java_class_path (initial): C:\Users\Admin\Documents\BSIT 1-2N - Mercado\java-edurise\untitled1\out\production\edurise;C:\Users\Admin\Documents\BSIT 1-2N - Mercado\java-edurise\untitled1\TimingFramework-0.55.jar;C:\Users\Admin\Documents\BSIT 1-2N - Mercado\java-edurise\untitled1\miglayout-4.0.jar
Launcher Type: SUN_STANDARD

[Global flags]
     intx CICompilerCount                          = 3                                         {product} {ergonomic}
     uint ConcGCThreads                            = 1                                         {product} {ergonomic}
     bool FlightRecorder                           = true                                      {product} {management}
     uint G1ConcRefinementThreads                  = 4                                         {product} {ergonomic}
   size_t G1HeapRegionSize                         = 1048576                                   {product} {ergonomic}
   size_t InitialHeapSize                          = 134217728                                 {product} {ergonomic}
   size_t MarkStackSize                            = 4194304                                   {product} {ergonomic}
   size_t MarkStackSizeMax                         = 536870912                                 {product} {ergonomic}
   size_t MaxHeapSize                              = 2124414976                                {product} {ergonomic}
   size_t MaxNewSize                               = 1274019840                                {product} {ergonomic}
   size_t MinHeapDeltaBytes                        = 1048576                                   {product} {ergonomic}
   size_t MinHeapSize                              = 8388608                                   {product} {ergonomic}
    uintx NonNMethodCodeHeapSize                   = 5832704                                {pd product} {ergonomic}
    uintx NonProfiledCodeHeapSize                  = 122945536                              {pd product} {ergonomic}
    uintx ProfiledCodeHeapSize                     = 122880000                              {pd product} {ergonomic}
    uintx ReservedCodeCacheSize                    = 251658240                              {pd product} {ergonomic}
     bool SegmentedCodeCache                       = true                                      {product} {ergonomic}
   size_t SoftMaxHeapSize                          = 2124414976                             {manageable} {ergonomic}
     bool UseCompressedOops                        = true                           {product lp64_product} {ergonomic}
     bool UseG1GC                                  = true                                      {product} {ergonomic}
     bool UseLargePagesIndividualAllocation        = false                                  {pd product} {ergonomic}

Logging:
Log output configuration:
 #0: stdout all=warning uptime,level,tags foldmultilines=false
 #1: stderr all=off uptime,level,tags foldmultilines=false

Environment Variables:
PATH=c:\Users\Admin\AppData\Local\Programs\cursor\resources\app\bin;C:\Program Files\Common Files\Oracle\Java\javapath;C:\Windows\system32;C:\Windows;C:\Windows\System32\Wbem;C:\Windows\System32\WindowsPowerShell\v1.0\;C:\Windows\System32\OpenSSH\;C:\Program Files\Java\jdk-24\bin;C:\Users\Admin\AppData\Local\Microsoft\WindowsApps;C:\Users\Admin\AppData\Local\Programs\cursor\resources\app\bin;c:\Users\Admin\AppData\Local\Programs\cursor\resources\app\bin;C:\Users\Admin\AppData\Local\Microsoft\WindowsApps;C:\Users\Admin\AppData\Local\Programs\Microsoft VS Code\bin;C:\Users\Admin\AppData\Local\Programs\cursor\resources\app\bin;C:\Program Files\JetBrains\IntelliJ IDEA 2025.1.1.1\bin;;C:\Users\Admin\AppData\Local\GitHubDesktop\bin
USERNAME=Admin
OS=Windows_NT
PROCESSOR_IDENTIFIER=Intel64 Family 6 Model 142 Stepping 9, GenuineIntel
TMP=C:\Users\Admin\AppData\Local\Temp
TEMP=C:\Users\Admin\AppData\Local\Temp




Periodic native trim disabled

---------------  S Y S T E M  ---------------

OS:
 Windows 10 , 64 bit Build 19041 (10.0.19041.5794)
OS uptime: 12 days 13:00 hours

CPU: total 4 (initial active 4) (2 cores per cpu, 2 threads per core) family 6 model 142 stepping 9 microcode 0xb4, cx8, cmov, fxsr, ht, mmx, 3dnowpref, sse, sse2, sse3, ssse3, sse4.1, sse4.2, popcnt, lzcnt, tsc, tscinvbit, avx, avx2, aes, erms, clmul, bmi1, bmi2, adx, fma, vzeroupper, clflush, clflushopt, rdtscp, f16c
Processor Information for the first 4 processors :
  Max Mhz: 2304, Current Mhz: 2304, Mhz Limit: 2304

Memory: 4k page, system-wide physical 8097M (463M free)
TotalPageFile size 20085M (AvailPageFile size 6991M)
current process WorkingSet (physical memory assigned to process): 131M, peak: 133M
current process commit charge ("private bytes"): 278M, peak: 287M

vm_info: Java HotSpot(TM) 64-Bit Server VM (24.0.1+9-30) for windows-amd64 JRE (24.0.1+9-30), built on 2025-03-05T07:23:45Z with MS VC++ 17.6 (VS2022)

END.
